<?xml version="1.0" encoding="UTF-8"?>
<coverage generated="1752712632185" clover="3.2.0">
  <project timestamp="1752712632186" name="All files">
    <metrics statements="202" coveredstatements="132" conditionals="49" coveredconditionals="31" methods="39" coveredmethods="17" elements="290" coveredelements="180" complexity="0" loc="202" ncloc="202" packages="1" files="3" classes="3"/>
    <file name="App.tsx" path="/Users/anthonyprevite/Documents/Git Repos/calculator/src/App.tsx">
      <metrics statements="170" coveredstatements="110" conditionals="46" coveredconditionals="29" methods="36" coveredmethods="15"/>
      <line num="1" count="1" type="stmt"/>
      <line num="2" count="1" type="stmt"/>
      <line num="3" count="1" type="stmt"/>
      <line num="5" count="9" type="cond" truecount="1" falsecount="0"/>
      <line num="7" count="9" type="stmt"/>
      <line num="8" count="9" type="stmt"/>
      <line num="9" count="9" type="stmt"/>
      <line num="13" count="9" type="cond" truecount="1" falsecount="0"/>
      <line num="14" count="4" type="stmt"/>
      <line num="15" count="4" type="cond" truecount="1" falsecount="0"/>
      <line num="16" count="4" type="stmt"/>
      <line num="17" count="4" type="stmt"/>
      <line num="19" count="9" type="stmt"/>
      <line num="20" count="0" type="stmt"/>
      <line num="21" count="0" type="stmt"/>
      <line num="23" count="9" type="cond" truecount="1" falsecount="0"/>
      <line num="25" count="1" type="cond" truecount="0" falsecount="1"/>
      <line num="26" count="0" type="stmt"/>
      <line num="27" count="1" type="stmt"/>
      <line num="28" count="1" type="cond" truecount="1" falsecount="0"/>
      <line num="29" count="1" type="stmt"/>
      <line num="30" count="1" type="stmt"/>
      <line num="31" count="1" type="stmt"/>
      <line num="35" count="9" type="stmt"/>
      <line num="36" count="9" type="stmt"/>
      <line num="38" count="9" type="cond" truecount="1" falsecount="0"/>
      <line num="39" count="7" type="stmt"/>
      <line num="40" count="7" type="stmt"/>
      <line num="41" count="9" type="stmt"/>
      <line num="42" count="0" type="stmt"/>
      <line num="43" count="0" type="stmt"/>
      <line num="44" count="9" type="cond" truecount="1" falsecount="0"/>
      <line num="45" count="2" type="stmt"/>
      <line num="46" count="2" type="stmt"/>
      <line num="48" count="9" type="cond" truecount="1" falsecount="0"/>
      <line num="49" count="4" type="stmt"/>
      <line num="51" count="4" type="cond" truecount="2" falsecount="1"/>
      <line num="53" count="4" type="cond" truecount="0" falsecount="2"/>
      <line num="54" count="0" type="stmt"/>
      <line num="55" count="0" type="stmt"/>
      <line num="56" count="0" type="stmt"/>
      <line num="58" count="4" type="cond" truecount="3" falsecount="1"/>
      <line num="59" count="0" type="stmt"/>
      <line num="60" count="0" type="stmt"/>
      <line num="61" count="0" type="stmt"/>
      <line num="63" count="4" type="cond" truecount="0" falsecount="2"/>
      <line num="64" count="0" type="stmt"/>
      <line num="65" count="0" type="stmt"/>
      <line num="66" count="0" type="stmt"/>
      <line num="68" count="4" type="cond" truecount="0" falsecount="2"/>
      <line num="69" count="0" type="stmt"/>
      <line num="70" count="0" type="stmt"/>
      <line num="71" count="0" type="stmt"/>
      <line num="73" count="4" type="cond" truecount="0" falsecount="2"/>
      <line num="74" count="0" type="stmt"/>
      <line num="75" count="0" type="stmt"/>
      <line num="76" count="0" type="stmt"/>
      <line num="78" count="4" type="cond" truecount="0" falsecount="2"/>
      <line num="79" count="0" type="stmt"/>
      <line num="80" count="0" type="stmt"/>
      <line num="81" count="0" type="stmt"/>
      <line num="83" count="4" type="stmt"/>
      <line num="84" count="4" type="stmt"/>
      <line num="88" count="9" type="cond" truecount="1" falsecount="0"/>
      <line num="90" count="2" type="cond" truecount="1" falsecount="0"/>
      <line num="91" count="1" type="stmt"/>
      <line num="92" count="1" type="stmt"/>
      <line num="93" count="1" type="stmt"/>
      <line num="94" count="1" type="stmt"/>
      <line num="95" count="1" type="cond" truecount="0" falsecount="1"/>
      <line num="96" count="0" type="stmt"/>
      <line num="97" count="0" type="stmt"/>
      <line num="98" count="0" type="stmt"/>
      <line num="99" count="1" type="stmt"/>
      <line num="101" count="2" type="stmt"/>
      <line num="105" count="9" type="cond" truecount="1" falsecount="0"/>
      <line num="106" count="1" type="stmt"/>
      <line num="107" count="1" type="stmt"/>
      <line num="109" count="9" type="cond" truecount="1" falsecount="0"/>
      <line num="110" count="2" type="stmt"/>
      <line num="112" count="2" type="cond" truecount="0" falsecount="1"/>
      <line num="113" count="0" type="stmt"/>
      <line num="114" count="0" type="stmt"/>
      <line num="115" count="0" type="stmt"/>
      <line num="116" count="2" type="cond" truecount="0" falsecount="1"/>
      <line num="117" count="0" type="stmt"/>
      <line num="118" count="0" type="stmt"/>
      <line num="119" count="0" type="stmt"/>
      <line num="120" count="2" type="cond" truecount="0" falsecount="1"/>
      <line num="121" count="0" type="stmt"/>
      <line num="122" count="0" type="stmt"/>
      <line num="123" count="0" type="stmt"/>
      <line num="124" count="2" type="cond" truecount="1" falsecount="0"/>
      <line num="125" count="1" type="stmt"/>
      <line num="126" count="1" type="stmt"/>
      <line num="127" count="1" type="stmt"/>
      <line num="129" count="1" type="stmt"/>
      <line num="130" count="2" type="stmt"/>
      <line num="134" count="9" type="cond" truecount="1" falsecount="0"/>
      <line num="135" count="2" type="stmt"/>
      <line num="137" count="0" type="stmt"/>
      <line num="139" count="0" type="stmt"/>
      <line num="140" count="0" type="stmt"/>
      <line num="141" count="0" type="stmt"/>
      <line num="142" count="0" type="stmt"/>
      <line num="143" count="0" type="stmt"/>
      <line num="144" count="0" type="stmt"/>
      <line num="145" count="0" type="stmt"/>
      <line num="146" count="0" type="stmt"/>
      <line num="147" count="0" type="stmt"/>
      <line num="148" count="0" type="stmt"/>
      <line num="149" count="0" type="stmt"/>
      <line num="150" count="0" type="stmt"/>
      <line num="151" count="0" type="stmt"/>
      <line num="152" count="0" type="stmt"/>
      <line num="153" count="0" type="stmt"/>
      <line num="154" count="0" type="stmt"/>
      <line num="156" count="0" type="stmt"/>
      <line num="158" count="0" type="stmt"/>
      <line num="160" count="0" type="stmt"/>
      <line num="161" count="0" type="stmt"/>
      <line num="162" count="0" type="stmt"/>
      <line num="164" count="0" type="stmt"/>
      <line num="165" count="0" type="stmt"/>
      <line num="166" count="0" type="stmt"/>
      <line num="168" count="2" type="stmt"/>
      <line num="169" count="2" type="cond" truecount="1" falsecount="0"/>
      <line num="170" count="9" type="stmt"/>
      <line num="173" count="9" type="stmt"/>
      <line num="174" count="9" type="stmt"/>
      <line num="176" count="9" type="stmt"/>
      <line num="178" count="9" type="stmt"/>
      <line num="180" count="9" type="stmt"/>
      <line num="182" count="9" type="stmt"/>
      <line num="183" count="9" type="stmt"/>
      <line num="184" count="9" type="cond" truecount="1" falsecount="0"/>
      <line num="185" count="9" type="stmt"/>
      <line num="186" count="9" type="cond" truecount="1" falsecount="0"/>
      <line num="187" count="9" type="cond" truecount="1" falsecount="0"/>
      <line num="188" count="9" type="stmt"/>
      <line num="190" count="9" type="stmt"/>
      <line num="193" count="9" type="stmt"/>
      <line num="194" count="9" type="stmt"/>
      <line num="195" count="9" type="stmt"/>
      <line num="196" count="9" type="stmt"/>
      <line num="199" count="9" type="cond" truecount="1" falsecount="0"/>
      <line num="200" count="9" type="stmt"/>
      <line num="201" count="9" type="stmt"/>
      <line num="202" count="9" type="stmt"/>
      <line num="205" count="9" type="stmt"/>
      <line num="206" count="9" type="stmt"/>
      <line num="207" count="9" type="stmt"/>
      <line num="208" count="9" type="stmt"/>
      <line num="211" count="9" type="stmt"/>
      <line num="212" count="9" type="stmt"/>
      <line num="213" count="9" type="stmt"/>
      <line num="214" count="9" type="stmt"/>
      <line num="217" count="9" type="stmt"/>
      <line num="218" count="9" type="cond" truecount="1" falsecount="0"/>
      <line num="219" count="9" type="cond" truecount="1" falsecount="0"/>
      <line num="220" count="9" type="cond" truecount="1" falsecount="0"/>
      <line num="223" count="9" type="stmt"/>
      <line num="224" count="9" type="cond" truecount="1" falsecount="0"/>
      <line num="225" count="9" type="cond" truecount="1" falsecount="0"/>
      <line num="226" count="9" type="stmt"/>
      <line num="227" count="9" type="stmt"/>
      <line num="228" count="9" type="stmt"/>
      <line num="229" count="9" type="stmt"/>
      <line num="231" count="9" type="stmt"/>
      <line num="233" count="1" type="stmt"/>
    </file>
    <file name="Button.tsx" path="/Users/anthonyprevite/Documents/Git Repos/calculator/src/Button.tsx">
      <metrics statements="22" coveredstatements="22" conditionals="2" coveredconditionals="2" methods="2" coveredmethods="2"/>
      <line num="2" count="1" type="stmt"/>
      <line num="3" count="1" type="stmt"/>
      <line num="4" count="1" type="stmt"/>
      <line num="5" count="1" type="stmt"/>
      <line num="6" count="1" type="stmt"/>
      <line num="9" count="1" type="stmt"/>
      <line num="10" count="1" type="stmt"/>
      <line num="11" count="1" type="stmt"/>
      <line num="12" count="1" type="stmt"/>
      <line num="13" count="1" type="stmt"/>
      <line num="22" count="216" type="cond" truecount="1" falsecount="0"/>
      <line num="24" count="216" type="stmt"/>
      <line num="25" count="216" type="stmt"/>
      <line num="27" count="216" type="cond" truecount="1" falsecount="0"/>
      <line num="28" count="7" type="stmt"/>
      <line num="29" count="7" type="stmt"/>
      <line num="30" count="7" type="stmt"/>
      <line num="31" count="7" type="stmt"/>
      <line num="32" count="7" type="stmt"/>
      <line num="34" count="216" type="stmt"/>
      <line num="35" count="216" type="stmt"/>
      <line num="37" count="216" type="stmt"/>
    </file>
    <file name="main.tsx" path="/Users/anthonyprevite/Documents/Git Repos/calculator/src/main.tsx">
      <metrics statements="10" coveredstatements="0" conditionals="1" coveredconditionals="0" methods="1" coveredmethods="0"/>
      <line num="1" count="0" type="cond" truecount="0" falsecount="1"/>
      <line num="2" count="0" type="stmt"/>
      <line num="3" count="0" type="stmt"/>
      <line num="4" count="0" type="stmt"/>
      <line num="5" count="0" type="stmt"/>
      <line num="6" count="0" type="stmt"/>
      <line num="7" count="0" type="stmt"/>
      <line num="8" count="0" type="stmt"/>
      <line num="9" count="0" type="stmt"/>
      <line num="10" count="0" type="stmt"/>
    </file>
  </project>
</coverage>
