<?xml version="1.0" encoding="UTF-8"?>
<coverage generated="1752767214145" clover="3.2.0">
  <project timestamp="1752767214145" name="All files">
    <metrics statements="193" coveredstatements="165" conditionals="67" coveredconditionals="53" methods="38" coveredmethods="24" elements="298" coveredelements="242" complexity="0" loc="193" ncloc="193" packages="2" files="3" classes="3"/>
    <package name="src">
      <metrics statements="182" coveredstatements="154" conditionals="62" coveredconditionals="48" methods="35" coveredmethods="21"/>
      <file name="App.tsx" path="/Users/anthonyprevite/Documents/Git Repos/calculator/src/App.tsx">
        <metrics statements="160" coveredstatements="132" conditionals="60" coveredconditionals="46" methods="33" coveredmethods="19"/>
        <line num="1" count="1" type="stmt"/>
        <line num="2" count="1" type="stmt"/>
        <line num="3" count="1" type="stmt"/>
        <line num="4" count="1" type="stmt"/>
        <line num="6" count="16" type="cond" truecount="1" falsecount="0"/>
        <line num="8" count="16" type="stmt"/>
        <line num="9" count="16" type="stmt"/>
        <line num="10" count="16" type="stmt"/>
        <line num="14" count="16" type="cond" truecount="1" falsecount="0"/>
        <line num="15" count="8" type="stmt"/>
        <line num="16" count="8" type="cond" truecount="1" falsecount="0"/>
        <line num="17" count="8" type="stmt"/>
        <line num="18" count="8" type="stmt"/>
        <line num="20" count="16" type="cond" truecount="1" falsecount="0"/>
        <line num="21" count="1" type="cond" truecount="1" falsecount="0"/>
        <line num="22" count="1" type="stmt"/>
        <line num="24" count="16" type="cond" truecount="1" falsecount="0"/>
        <line num="26" count="1" type="cond" truecount="0" falsecount="1"/>
        <line num="27" count="0" type="stmt"/>
        <line num="28" count="1" type="stmt"/>
        <line num="29" count="1" type="cond" truecount="1" falsecount="0"/>
        <line num="30" count="1" type="stmt"/>
        <line num="31" count="1" type="stmt"/>
        <line num="32" count="1" type="stmt"/>
        <line num="36" count="16" type="cond" truecount="1" falsecount="0"/>
        <line num="37" count="8" type="stmt"/>
        <line num="39" count="8" type="cond" truecount="4" falsecount="0"/>
        <line num="41" count="8" type="cond" truecount="0" falsecount="2"/>
        <line num="42" count="0" type="stmt"/>
        <line num="43" count="0" type="stmt"/>
        <line num="44" count="0" type="cond" truecount="1" falsecount="0"/>
        <line num="46" count="8" type="cond" truecount="3" falsecount="1"/>
        <line num="47" count="0" type="stmt"/>
        <line num="48" count="0" type="stmt"/>
        <line num="49" count="0" type="cond" truecount="1" falsecount="0"/>
        <line num="51" count="8" type="cond" truecount="0" falsecount="2"/>
        <line num="52" count="0" type="stmt"/>
        <line num="53" count="0" type="stmt"/>
        <line num="54" count="0" type="cond" truecount="1" falsecount="0"/>
        <line num="56" count="8" type="cond" truecount="0" falsecount="2"/>
        <line num="57" count="0" type="stmt"/>
        <line num="58" count="0" type="stmt"/>
        <line num="59" count="0" type="cond" truecount="1" falsecount="0"/>
        <line num="61" count="8" type="cond" truecount="1" falsecount="1"/>
        <line num="62" count="0" type="stmt"/>
        <line num="63" count="0" type="stmt"/>
        <line num="64" count="0" type="cond" truecount="1" falsecount="0"/>
        <line num="66" count="8" type="cond" truecount="0" falsecount="2"/>
        <line num="67" count="0" type="stmt"/>
        <line num="68" count="0" type="stmt"/>
        <line num="69" count="0" type="cond" truecount="1" falsecount="0"/>
        <line num="71" count="7" type="stmt"/>
        <line num="72" count="8" type="stmt"/>
        <line num="76" count="16" type="cond" truecount="1" falsecount="0"/>
        <line num="78" count="3" type="cond" truecount="1" falsecount="0"/>
        <line num="79" count="1" type="stmt"/>
        <line num="80" count="1" type="stmt"/>
        <line num="81" count="1" type="stmt"/>
        <line num="82" count="1" type="stmt"/>
        <line num="83" count="1" type="cond" truecount="0" falsecount="1"/>
        <line num="84" count="0" type="stmt"/>
        <line num="85" count="0" type="stmt"/>
        <line num="86" count="0" type="stmt"/>
        <line num="87" count="1" type="stmt"/>
        <line num="89" count="3" type="stmt"/>
        <line num="93" count="16" type="cond" truecount="1" falsecount="0"/>
        <line num="94" count="1" type="stmt"/>
        <line num="95" count="1" type="stmt"/>
        <line num="97" count="16" type="cond" truecount="1" falsecount="0"/>
        <line num="98" count="3" type="stmt"/>
        <line num="100" count="3" type="cond" truecount="0" falsecount="1"/>
        <line num="101" count="0" type="stmt"/>
        <line num="102" count="0" type="stmt"/>
        <line num="103" count="0" type="stmt"/>
        <line num="104" count="3" type="cond" truecount="0" falsecount="1"/>
        <line num="105" count="0" type="stmt"/>
        <line num="106" count="0" type="stmt"/>
        <line num="107" count="0" type="stmt"/>
        <line num="108" count="3" type="cond" truecount="1" falsecount="0"/>
        <line num="109" count="1" type="stmt"/>
        <line num="110" count="1" type="stmt"/>
        <line num="111" count="1" type="cond" truecount="1" falsecount="0"/>
        <line num="112" count="3" type="cond" truecount="1" falsecount="0"/>
        <line num="113" count="1" type="stmt"/>
        <line num="114" count="1" type="stmt"/>
        <line num="115" count="1" type="stmt"/>
        <line num="117" count="1" type="stmt"/>
        <line num="118" count="3" type="stmt"/>
        <line num="122" count="16" type="cond" truecount="1" falsecount="0"/>
        <line num="123" count="3" type="cond" truecount="1" falsecount="0"/>
        <line num="125" count="6" type="stmt"/>
        <line num="127" count="6" type="stmt"/>
        <line num="128" count="6" type="stmt"/>
        <line num="129" count="6" type="stmt"/>
        <line num="130" count="6" type="stmt"/>
        <line num="131" count="6" type="stmt"/>
        <line num="132" count="6" type="stmt"/>
        <line num="133" count="6" type="stmt"/>
        <line num="134" count="6" type="stmt"/>
        <line num="135" count="6" type="stmt"/>
        <line num="136" count="6" type="stmt"/>
        <line num="137" count="6" type="stmt"/>
        <line num="138" count="6" type="stmt"/>
        <line num="139" count="6" type="stmt"/>
        <line num="140" count="6" type="stmt"/>
        <line num="141" count="6" type="stmt"/>
        <line num="142" count="6" type="stmt"/>
        <line num="144" count="6" type="cond" truecount="1" falsecount="0"/>
        <line num="146" count="6" type="stmt"/>
        <line num="148" count="6" type="stmt"/>
        <line num="149" count="6" type="stmt"/>
        <line num="150" count="6" type="stmt"/>
        <line num="152" count="6" type="stmt"/>
        <line num="153" count="6" type="stmt"/>
        <line num="154" count="6" type="stmt"/>
        <line num="156" count="3" type="stmt"/>
        <line num="157" count="3" type="cond" truecount="1" falsecount="0"/>
        <line num="158" count="16" type="stmt"/>
        <line num="161" count="16" type="stmt"/>
        <line num="162" count="16" type="stmt"/>
        <line num="164" count="16" type="stmt"/>
        <line num="166" count="16" type="stmt"/>
        <line num="168" count="16" type="stmt"/>
        <line num="170" count="16" type="stmt"/>
        <line num="171" count="16" type="stmt"/>
        <line num="172" count="16" type="cond" truecount="1" falsecount="0"/>
        <line num="173" count="16" type="stmt"/>
        <line num="174" count="16" type="cond" truecount="1" falsecount="0"/>
        <line num="175" count="16" type="cond" truecount="1" falsecount="0"/>
        <line num="176" count="16" type="stmt"/>
        <line num="178" count="16" type="stmt"/>
        <line num="181" count="16" type="cond" truecount="1" falsecount="0"/>
        <line num="182" count="16" type="cond" truecount="1" falsecount="0"/>
        <line num="183" count="16" type="stmt"/>
        <line num="184" count="16" type="stmt"/>
        <line num="187" count="16" type="cond" truecount="1" falsecount="0"/>
        <line num="188" count="16" type="cond" truecount="1" falsecount="0"/>
        <line num="189" count="16" type="stmt"/>
        <line num="190" count="16" type="stmt"/>
        <line num="193" count="16" type="stmt"/>
        <line num="194" count="16" type="stmt"/>
        <line num="195" count="16" type="stmt"/>
        <line num="196" count="16" type="stmt"/>
        <line num="199" count="16" type="stmt"/>
        <line num="200" count="16" type="stmt"/>
        <line num="201" count="16" type="stmt"/>
        <line num="202" count="16" type="cond" truecount="1" falsecount="0"/>
        <line num="205" count="16" type="stmt"/>
        <line num="206" count="16" type="cond" truecount="1" falsecount="0"/>
        <line num="207" count="16" type="cond" truecount="1" falsecount="0"/>
        <line num="208" count="16" type="cond" truecount="1" falsecount="0"/>
        <line num="211" count="16" type="stmt"/>
        <line num="212" count="16" type="cond" truecount="1" falsecount="0"/>
        <line num="213" count="16" type="cond" truecount="1" falsecount="0"/>
        <line num="214" count="16" type="stmt"/>
        <line num="215" count="16" type="stmt"/>
        <line num="216" count="16" type="stmt"/>
        <line num="217" count="16" type="stmt"/>
        <line num="219" count="16" type="stmt"/>
        <line num="221" count="1" type="stmt"/>
      </file>
      <file name="Button.tsx" path="/Users/anthonyprevite/Documents/Git Repos/calculator/src/Button.tsx">
        <metrics statements="22" coveredstatements="22" conditionals="2" coveredconditionals="2" methods="2" coveredmethods="2"/>
        <line num="2" count="1" type="stmt"/>
        <line num="3" count="1" type="stmt"/>
        <line num="4" count="1" type="stmt"/>
        <line num="5" count="1" type="stmt"/>
        <line num="6" count="1" type="stmt"/>
        <line num="9" count="1" type="stmt"/>
        <line num="10" count="1" type="stmt"/>
        <line num="11" count="1" type="stmt"/>
        <line num="12" count="1" type="stmt"/>
        <line num="13" count="1" type="stmt"/>
        <line num="22" count="384" type="cond" truecount="1" falsecount="0"/>
        <line num="24" count="384" type="stmt"/>
        <line num="25" count="384" type="stmt"/>
        <line num="27" count="384" type="cond" truecount="1" falsecount="0"/>
        <line num="28" count="13" type="stmt"/>
        <line num="29" count="13" type="stmt"/>
        <line num="30" count="13" type="stmt"/>
        <line num="31" count="13" type="stmt"/>
        <line num="32" count="13" type="stmt"/>
        <line num="34" count="384" type="stmt"/>
        <line num="35" count="384" type="stmt"/>
        <line num="37" count="384" type="stmt"/>
      </file>
    </package>
    <package name="util">
      <metrics statements="11" coveredstatements="11" conditionals="5" coveredconditionals="5" methods="3" coveredmethods="3"/>
      <file name="conditionCheck.ts" path="/Users/anthonyprevite/Documents/Git Repos/calculator/util/conditionCheck.ts">
        <metrics statements="11" coveredstatements="11" conditionals="5" coveredconditionals="5" methods="3" coveredmethods="3"/>
        <line num="1" count="1" type="stmt"/>
        <line num="2" count="1" type="stmt"/>
        <line num="4" count="1" type="cond" truecount="1" falsecount="0"/>
        <line num="5" count="14" type="stmt"/>
        <line num="6" count="14" type="stmt"/>
        <line num="8" count="1" type="cond" truecount="1" falsecount="0"/>
        <line num="9" count="2" type="stmt"/>
        <line num="10" count="2" type="stmt"/>
        <line num="12" count="1" type="cond" truecount="1" falsecount="0"/>
        <line num="13" count="6" type="cond" truecount="2" falsecount="0"/>
        <line num="14" count="6" type="stmt"/>
      </file>
    </package>
  </project>
</coverage>
