{"/Users/anthonyprevite/Documents/Git Repos/calculator/src/App.tsx": {"path":"/Users/anthonyprevite/Documents/Git Repos/calculator/src/App.tsx","all":false,"statementMap":{"0":{"start":{"line":1,"column":0},"end":{"line":1,"column":44}},"1":{"start":{"line":2,"column":0},"end":{"line":2,"column":34}},"2":{"start":{"line":3,"column":0},"end":{"line":3,"column":65}},"3":{"start":{"line":4,"column":0},"end":{"line":4,"column":30}},"5":{"start":{"line":6,"column":0},"end":{"line":6,"column":16}},"7":{"start":{"line":8,"column":0},"end":{"line":8,"column":47}},"8":{"start":{"line":9,"column":0},"end":{"line":9,"column":53}},"9":{"start":{"line":10,"column":0},"end":{"line":10,"column":54}},"13":{"start":{"line":14,"column":0},"end":{"line":14,"column":37}},"14":{"start":{"line":15,"column":0},"end":{"line":15,"column":37}},"15":{"start":{"line":16,"column":0},"end":{"line":16,"column":42}},"16":{"start":{"line":17,"column":0},"end":{"line":17,"column":5}},"17":{"start":{"line":18,"column":0},"end":{"line":18,"column":3}},"19":{"start":{"line":20,"column":0},"end":{"line":20,"column":26}},"20":{"start":{"line":21,"column":0},"end":{"line":21,"column":45}},"21":{"start":{"line":22,"column":0},"end":{"line":22,"column":3}},"23":{"start":{"line":24,"column":0},"end":{"line":24,"column":23}},"25":{"start":{"line":26,"column":0},"end":{"line":26,"column":28}},"26":{"start":{"line":27,"column":0},"end":{"line":27,"column":21}},"27":{"start":{"line":28,"column":0},"end":{"line":28,"column":12}},"28":{"start":{"line":29,"column":0},"end":{"line":29,"column":53}},"29":{"start":{"line":30,"column":0},"end":{"line":30,"column":5}},"30":{"start":{"line":31,"column":0},"end":{"line":31,"column":23}},"31":{"start":{"line":32,"column":0},"end":{"line":32,"column":3}},"35":{"start":{"line":36,"column":0},"end":{"line":36,"column":62}},"36":{"start":{"line":37,"column":0},"end":{"line":37,"column":34}},"38":{"start":{"line":39,"column":0},"end":{"line":39,"column":65}},"40":{"start":{"line":41,"column":0},"end":{"line":41,"column":36}},"41":{"start":{"line":42,"column":0},"end":{"line":42,"column":54}},"42":{"start":{"line":43,"column":0},"end":{"line":43,"column":18}},"43":{"start":{"line":44,"column":0},"end":{"line":44,"column":5}},"45":{"start":{"line":46,"column":0},"end":{"line":46,"column":85}},"46":{"start":{"line":47,"column":0},"end":{"line":47,"column":51}},"47":{"start":{"line":48,"column":0},"end":{"line":48,"column":18}},"48":{"start":{"line":49,"column":0},"end":{"line":49,"column":5}},"50":{"start":{"line":51,"column":0},"end":{"line":51,"column":38}},"51":{"start":{"line":52,"column":0},"end":{"line":52,"column":54}},"52":{"start":{"line":53,"column":0},"end":{"line":53,"column":18}},"53":{"start":{"line":54,"column":0},"end":{"line":54,"column":5}},"55":{"start":{"line":56,"column":0},"end":{"line":56,"column":60}},"56":{"start":{"line":57,"column":0},"end":{"line":57,"column":62}},"57":{"start":{"line":58,"column":0},"end":{"line":58,"column":18}},"58":{"start":{"line":59,"column":0},"end":{"line":59,"column":5}},"60":{"start":{"line":61,"column":0},"end":{"line":61,"column":47}},"61":{"start":{"line":62,"column":0},"end":{"line":62,"column":56}},"62":{"start":{"line":63,"column":0},"end":{"line":63,"column":18}},"63":{"start":{"line":64,"column":0},"end":{"line":64,"column":5}},"65":{"start":{"line":66,"column":0},"end":{"line":66,"column":38}},"66":{"start":{"line":67,"column":0},"end":{"line":67,"column":45}},"67":{"start":{"line":68,"column":0},"end":{"line":68,"column":18}},"68":{"start":{"line":69,"column":0},"end":{"line":69,"column":5}},"70":{"start":{"line":71,"column":0},"end":{"line":71,"column":15}},"71":{"start":{"line":72,"column":0},"end":{"line":72,"column":3}},"75":{"start":{"line":76,"column":0},"end":{"line":76,"column":37}},"77":{"start":{"line":78,"column":0},"end":{"line":78,"column":32}},"78":{"start":{"line":79,"column":0},"end":{"line":79,"column":10}},"79":{"start":{"line":80,"column":0},"end":{"line":80,"column":54}},"80":{"start":{"line":81,"column":0},"end":{"line":81,"column":32}},"81":{"start":{"line":82,"column":0},"end":{"line":82,"column":68}},"82":{"start":{"line":83,"column":0},"end":{"line":83,"column":23}},"83":{"start":{"line":84,"column":0},"end":{"line":84,"column":50}},"84":{"start":{"line":85,"column":0},"end":{"line":85,"column":45}},"85":{"start":{"line":86,"column":0},"end":{"line":86,"column":7}},"86":{"start":{"line":87,"column":0},"end":{"line":87,"column":5}},"88":{"start":{"line":89,"column":0},"end":{"line":89,"column":3}},"92":{"start":{"line":93,"column":0},"end":{"line":93,"column":45}},"93":{"start":{"line":94,"column":0},"end":{"line":94,"column":43}},"94":{"start":{"line":95,"column":0},"end":{"line":95,"column":3}},"96":{"start":{"line":97,"column":0},"end":{"line":97,"column":49}},"97":{"start":{"line":98,"column":0},"end":{"line":98,"column":34}},"99":{"start":{"line":100,"column":0},"end":{"line":100,"column":25}},"100":{"start":{"line":101,"column":0},"end":{"line":101,"column":58}},"101":{"start":{"line":102,"column":0},"end":{"line":102,"column":18}},"102":{"start":{"line":103,"column":0},"end":{"line":103,"column":5}},"103":{"start":{"line":104,"column":0},"end":{"line":104,"column":21}},"104":{"start":{"line":105,"column":0},"end":{"line":105,"column":50}},"105":{"start":{"line":106,"column":0},"end":{"line":106,"column":18}},"106":{"start":{"line":107,"column":0},"end":{"line":107,"column":5}},"107":{"start":{"line":108,"column":0},"end":{"line":108,"column":30}},"108":{"start":{"line":109,"column":0},"end":{"line":109,"column":59}},"109":{"start":{"line":110,"column":0},"end":{"line":110,"column":18}},"110":{"start":{"line":111,"column":0},"end":{"line":111,"column":5}},"111":{"start":{"line":112,"column":0},"end":{"line":112,"column":29}},"112":{"start":{"line":113,"column":0},"end":{"line":113,"column":45}},"113":{"start":{"line":114,"column":0},"end":{"line":114,"column":18}},"114":{"start":{"line":115,"column":0},"end":{"line":115,"column":5}},"116":{"start":{"line":117,"column":0},"end":{"line":117,"column":15}},"117":{"start":{"line":118,"column":0},"end":{"line":118,"column":3}},"121":{"start":{"line":122,"column":0},"end":{"line":122,"column":19}},"122":{"start":{"line":123,"column":0},"end":{"line":123,"column":49}},"124":{"start":{"line":125,"column":0},"end":{"line":125,"column":24}},"126":{"start":{"line":127,"column":0},"end":{"line":127,"column":43}},"127":{"start":{"line":128,"column":0},"end":{"line":128,"column":17}},"128":{"start":{"line":129,"column":0},"end":{"line":129,"column":17}},"129":{"start":{"line":130,"column":0},"end":{"line":130,"column":17}},"130":{"start":{"line":131,"column":0},"end":{"line":131,"column":17}},"131":{"start":{"line":132,"column":0},"end":{"line":132,"column":17}},"132":{"start":{"line":133,"column":0},"end":{"line":133,"column":21}},"133":{"start":{"line":134,"column":0},"end":{"line":134,"column":17}},"134":{"start":{"line":135,"column":0},"end":{"line":135,"column":27}},"135":{"start":{"line":136,"column":0},"end":{"line":136,"column":24}},"136":{"start":{"line":137,"column":0},"end":{"line":137,"column":22}},"137":{"start":{"line":138,"column":0},"end":{"line":138,"column":17}},"138":{"start":{"line":139,"column":0},"end":{"line":139,"column":17}},"139":{"start":{"line":140,"column":0},"end":{"line":140,"column":18}},"140":{"start":{"line":141,"column":0},"end":{"line":141,"column":18}},"141":{"start":{"line":142,"column":0},"end":{"line":142,"column":8}},"143":{"start":{"line":144,"column":0},"end":{"line":144,"column":36}},"145":{"start":{"line":146,"column":0},"end":{"line":146,"column":98}},"147":{"start":{"line":148,"column":0},"end":{"line":148,"column":19}},"148":{"start":{"line":149,"column":0},"end":{"line":149,"column":39}},"149":{"start":{"line":150,"column":0},"end":{"line":150,"column":23}},"151":{"start":{"line":152,"column":0},"end":{"line":152,"column":65}},"152":{"start":{"line":153,"column":0},"end":{"line":153,"column":7}},"153":{"start":{"line":154,"column":0},"end":{"line":154,"column":5}},"155":{"start":{"line":156,"column":0},"end":{"line":156,"column":54}},"156":{"start":{"line":157,"column":0},"end":{"line":157,"column":70}},"157":{"start":{"line":158,"column":0},"end":{"line":158,"column":8}},"160":{"start":{"line":161,"column":0},"end":{"line":161,"column":10}},"161":{"start":{"line":162,"column":0},"end":{"line":162,"column":6}},"163":{"start":{"line":164,"column":0},"end":{"line":164,"column":74}},"165":{"start":{"line":166,"column":0},"end":{"line":166,"column":149}},"167":{"start":{"line":168,"column":0},"end":{"line":168,"column":133}},"169":{"start":{"line":170,"column":0},"end":{"line":170,"column":70}},"170":{"start":{"line":171,"column":0},"end":{"line":171,"column":92}},"171":{"start":{"line":172,"column":0},"end":{"line":172,"column":108}},"172":{"start":{"line":173,"column":0},"end":{"line":173,"column":18}},"173":{"start":{"line":174,"column":0},"end":{"line":174,"column":108}},"174":{"start":{"line":175,"column":0},"end":{"line":175,"column":110}},"175":{"start":{"line":176,"column":0},"end":{"line":176,"column":16}},"177":{"start":{"line":178,"column":0},"end":{"line":178,"column":54}},"180":{"start":{"line":181,"column":0},"end":{"line":181,"column":75}},"181":{"start":{"line":182,"column":0},"end":{"line":182,"column":75}},"182":{"start":{"line":183,"column":0},"end":{"line":183,"column":75}},"183":{"start":{"line":184,"column":0},"end":{"line":184,"column":75}},"186":{"start":{"line":187,"column":0},"end":{"line":187,"column":68}},"187":{"start":{"line":188,"column":0},"end":{"line":188,"column":72}},"188":{"start":{"line":189,"column":0},"end":{"line":189,"column":75}},"189":{"start":{"line":190,"column":0},"end":{"line":190,"column":75}},"192":{"start":{"line":193,"column":0},"end":{"line":193,"column":74}},"193":{"start":{"line":194,"column":0},"end":{"line":194,"column":74}},"194":{"start":{"line":195,"column":0},"end":{"line":195,"column":74}},"195":{"start":{"line":196,"column":0},"end":{"line":196,"column":75}},"198":{"start":{"line":199,"column":0},"end":{"line":199,"column":74}},"199":{"start":{"line":200,"column":0},"end":{"line":200,"column":74}},"200":{"start":{"line":201,"column":0},"end":{"line":201,"column":74}},"201":{"start":{"line":202,"column":0},"end":{"line":202,"column":75}},"204":{"start":{"line":205,"column":0},"end":{"line":205,"column":74}},"205":{"start":{"line":206,"column":0},"end":{"line":206,"column":74}},"206":{"start":{"line":207,"column":0},"end":{"line":207,"column":74}},"207":{"start":{"line":208,"column":0},"end":{"line":208,"column":75}},"210":{"start":{"line":211,"column":0},"end":{"line":211,"column":74}},"211":{"start":{"line":212,"column":0},"end":{"line":212,"column":74}},"212":{"start":{"line":213,"column":0},"end":{"line":213,"column":90}},"213":{"start":{"line":214,"column":0},"end":{"line":214,"column":16}},"214":{"start":{"line":215,"column":0},"end":{"line":215,"column":14}},"215":{"start":{"line":216,"column":0},"end":{"line":216,"column":12}},"216":{"start":{"line":217,"column":0},"end":{"line":217,"column":7}},"218":{"start":{"line":219,"column":0},"end":{"line":219,"column":1}},"220":{"start":{"line":221,"column":0},"end":{"line":221,"column":18}}},"s":{"0":1,"1":1,"2":1,"3":1,"5":16,"7":16,"8":16,"9":16,"13":16,"14":8,"15":8,"16":8,"17":8,"19":16,"20":1,"21":1,"23":16,"25":1,"26":0,"27":1,"28":1,"29":1,"30":1,"31":1,"35":16,"36":8,"38":8,"40":8,"41":0,"42":0,"43":0,"45":8,"46":0,"47":0,"48":0,"50":8,"51":0,"52":0,"53":0,"55":8,"56":0,"57":0,"58":0,"60":8,"61":0,"62":0,"63":0,"65":8,"66":0,"67":0,"68":0,"70":7,"71":8,"75":16,"77":3,"78":1,"79":1,"80":1,"81":1,"82":1,"83":0,"84":0,"85":0,"86":1,"88":3,"92":16,"93":1,"94":1,"96":16,"97":3,"99":3,"100":0,"101":0,"102":0,"103":3,"104":0,"105":0,"106":0,"107":3,"108":1,"109":1,"110":1,"111":3,"112":1,"113":1,"114":1,"116":1,"117":3,"121":16,"122":3,"124":6,"126":6,"127":6,"128":6,"129":6,"130":6,"131":6,"132":6,"133":6,"134":6,"135":6,"136":6,"137":6,"138":6,"139":6,"140":6,"141":6,"143":6,"145":6,"147":6,"148":6,"149":6,"151":6,"152":6,"153":6,"155":3,"156":3,"157":16,"160":16,"161":16,"163":16,"165":16,"167":16,"169":16,"170":16,"171":16,"172":16,"173":16,"174":16,"175":16,"177":16,"180":16,"181":16,"182":16,"183":16,"186":16,"187":16,"188":16,"189":16,"192":16,"193":16,"194":16,"195":16,"198":16,"199":16,"200":16,"201":16,"204":16,"205":16,"206":16,"207":16,"210":16,"211":16,"212":16,"213":16,"214":16,"215":16,"216":16,"218":16,"220":1},"branchMap":{"0":{"type":"branch","line":6,"loc":{"start":{"line":6,"column":0},"end":{"line":219,"column":1}},"locations":[{"start":{"line":6,"column":0},"end":{"line":219,"column":1}}]},"1":{"type":"branch","line":172,"loc":{"start":{"line":172,"column":79},"end":{"line":172,"column":104}},"locations":[{"start":{"line":172,"column":79},"end":{"line":172,"column":104}}]},"2":{"type":"branch","line":174,"loc":{"start":{"line":174,"column":83},"end":{"line":174,"column":104}},"locations":[{"start":{"line":174,"column":83},"end":{"line":174,"column":104}}]},"3":{"type":"branch","line":175,"loc":{"start":{"line":175,"column":82},"end":{"line":175,"column":106}},"locations":[{"start":{"line":175,"column":82},"end":{"line":175,"column":106}}]},"4":{"type":"branch","line":14,"loc":{"start":{"line":14,"column":18},"end":{"line":18,"column":3}},"locations":[{"start":{"line":14,"column":18},"end":{"line":18,"column":3}}]},"5":{"type":"branch","line":16,"loc":{"start":{"line":16,"column":21},"end":{"line":16,"column":40}},"locations":[{"start":{"line":16,"column":21},"end":{"line":16,"column":40}}]},"6":{"type":"branch","line":20,"loc":{"start":{"line":20,"column":18},"end":{"line":22,"column":3}},"locations":[{"start":{"line":20,"column":18},"end":{"line":22,"column":3}}]},"7":{"type":"branch","line":21,"loc":{"start":{"line":21,"column":19},"end":{"line":21,"column":44}},"locations":[{"start":{"line":21,"column":19},"end":{"line":21,"column":44}}]},"8":{"type":"branch","line":24,"loc":{"start":{"line":24,"column":16},"end":{"line":32,"column":3}},"locations":[{"start":{"line":24,"column":16},"end":{"line":32,"column":3}}]},"9":{"type":"branch","line":26,"loc":{"start":{"line":26,"column":27},"end":{"line":28,"column":11}},"locations":[{"start":{"line":26,"column":27},"end":{"line":28,"column":11}}]},"10":{"type":"branch","line":29,"loc":{"start":{"line":29,"column":18},"end":{"line":29,"column":52}},"locations":[{"start":{"line":29,"column":18},"end":{"line":29,"column":52}}]},"11":{"type":"branch","line":36,"loc":{"start":{"line":36,"column":2},"end":{"line":72,"column":3}},"locations":[{"start":{"line":36,"column":2},"end":{"line":72,"column":3}}]},"12":{"type":"branch","line":39,"loc":{"start":{"line":39,"column":17},"end":{"line":39,"column":40}},"locations":[{"start":{"line":39,"column":17},"end":{"line":39,"column":40}}]},"13":{"type":"branch","line":39,"loc":{"start":{"line":39,"column":32},"end":{"line":39,"column":54}},"locations":[{"start":{"line":39,"column":32},"end":{"line":39,"column":54}}]},"14":{"type":"branch","line":39,"loc":{"start":{"line":39,"column":54},"end":{"line":39,"column":65}},"locations":[{"start":{"line":39,"column":54},"end":{"line":39,"column":65}}]},"15":{"type":"branch","line":39,"loc":{"start":{"line":39,"column":61},"end":{"line":41,"column":23}},"locations":[{"start":{"line":39,"column":61},"end":{"line":41,"column":23}}]},"16":{"type":"branch","line":41,"loc":{"start":{"line":41,"column":16},"end":{"line":41,"column":35}},"locations":[{"start":{"line":41,"column":16},"end":{"line":41,"column":35}}]},"17":{"type":"branch","line":41,"loc":{"start":{"line":41,"column":35},"end":{"line":44,"column":5}},"locations":[{"start":{"line":41,"column":35},"end":{"line":44,"column":5}}]},"18":{"type":"branch","line":44,"loc":{"start":{"line":44,"column":4},"end":{"line":46,"column":26}},"locations":[{"start":{"line":44,"column":4},"end":{"line":46,"column":26}}]},"19":{"type":"branch","line":46,"loc":{"start":{"line":46,"column":20},"end":{"line":46,"column":45}},"locations":[{"start":{"line":46,"column":20},"end":{"line":46,"column":45}}]},"20":{"type":"branch","line":46,"loc":{"start":{"line":46,"column":38},"end":{"line":46,"column":66}},"locations":[{"start":{"line":46,"column":38},"end":{"line":46,"column":66}}]},"21":{"type":"branch","line":46,"loc":{"start":{"line":46,"column":60},"end":{"line":46,"column":84}},"locations":[{"start":{"line":46,"column":60},"end":{"line":46,"column":84}}]},"22":{"type":"branch","line":46,"loc":{"start":{"line":46,"column":84},"end":{"line":49,"column":5}},"locations":[{"start":{"line":46,"column":84},"end":{"line":49,"column":5}}]},"23":{"type":"branch","line":49,"loc":{"start":{"line":49,"column":4},"end":{"line":51,"column":23}},"locations":[{"start":{"line":49,"column":4},"end":{"line":51,"column":23}}]},"24":{"type":"branch","line":51,"loc":{"start":{"line":51,"column":16},"end":{"line":51,"column":37}},"locations":[{"start":{"line":51,"column":16},"end":{"line":51,"column":37}}]},"25":{"type":"branch","line":51,"loc":{"start":{"line":51,"column":37},"end":{"line":54,"column":5}},"locations":[{"start":{"line":51,"column":37},"end":{"line":54,"column":5}}]},"26":{"type":"branch","line":54,"loc":{"start":{"line":54,"column":4},"end":{"line":56,"column":24}},"locations":[{"start":{"line":54,"column":4},"end":{"line":56,"column":24}}]},"27":{"type":"branch","line":56,"loc":{"start":{"line":56,"column":16},"end":{"line":56,"column":59}},"locations":[{"start":{"line":56,"column":16},"end":{"line":56,"column":59}}]},"28":{"type":"branch","line":56,"loc":{"start":{"line":56,"column":59},"end":{"line":59,"column":5}},"locations":[{"start":{"line":56,"column":59},"end":{"line":59,"column":5}}]},"29":{"type":"branch","line":59,"loc":{"start":{"line":59,"column":4},"end":{"line":61,"column":23}},"locations":[{"start":{"line":59,"column":4},"end":{"line":61,"column":23}}]},"30":{"type":"branch","line":61,"loc":{"start":{"line":61,"column":16},"end":{"line":61,"column":46}},"locations":[{"start":{"line":61,"column":16},"end":{"line":61,"column":46}}]},"31":{"type":"branch","line":61,"loc":{"start":{"line":61,"column":46},"end":{"line":64,"column":5}},"locations":[{"start":{"line":61,"column":46},"end":{"line":64,"column":5}}]},"32":{"type":"branch","line":64,"loc":{"start":{"line":64,"column":4},"end":{"line":66,"column":23}},"locations":[{"start":{"line":64,"column":4},"end":{"line":66,"column":23}}]},"33":{"type":"branch","line":66,"loc":{"start":{"line":66,"column":16},"end":{"line":66,"column":37}},"locations":[{"start":{"line":66,"column":16},"end":{"line":66,"column":37}}]},"34":{"type":"branch","line":66,"loc":{"start":{"line":66,"column":37},"end":{"line":69,"column":5}},"locations":[{"start":{"line":66,"column":37},"end":{"line":69,"column":5}}]},"35":{"type":"branch","line":69,"loc":{"start":{"line":69,"column":4},"end":{"line":71,"column":15}},"locations":[{"start":{"line":69,"column":4},"end":{"line":71,"column":15}}]},"36":{"type":"branch","line":76,"loc":{"start":{"line":76,"column":2},"end":{"line":89,"column":3}},"locations":[{"start":{"line":76,"column":2},"end":{"line":89,"column":3}}]},"37":{"type":"branch","line":78,"loc":{"start":{"line":78,"column":31},"end":{"line":87,"column":5}},"locations":[{"start":{"line":78,"column":31},"end":{"line":87,"column":5}}]},"38":{"type":"branch","line":83,"loc":{"start":{"line":83,"column":6},"end":{"line":86,"column":7}},"locations":[{"start":{"line":83,"column":6},"end":{"line":86,"column":7}}]},"39":{"type":"branch","line":93,"loc":{"start":{"line":93,"column":2},"end":{"line":95,"column":3}},"locations":[{"start":{"line":93,"column":2},"end":{"line":95,"column":3}}]},"40":{"type":"branch","line":97,"loc":{"start":{"line":97,"column":2},"end":{"line":118,"column":3}},"locations":[{"start":{"line":97,"column":2},"end":{"line":118,"column":3}}]},"41":{"type":"branch","line":100,"loc":{"start":{"line":100,"column":24},"end":{"line":103,"column":5}},"locations":[{"start":{"line":100,"column":24},"end":{"line":103,"column":5}}]},"42":{"type":"branch","line":104,"loc":{"start":{"line":104,"column":20},"end":{"line":107,"column":5}},"locations":[{"start":{"line":104,"column":20},"end":{"line":107,"column":5}}]},"43":{"type":"branch","line":108,"loc":{"start":{"line":108,"column":29},"end":{"line":111,"column":5}},"locations":[{"start":{"line":108,"column":29},"end":{"line":111,"column":5}}]},"44":{"type":"branch","line":111,"loc":{"start":{"line":111,"column":4},"end":{"line":112,"column":28}},"locations":[{"start":{"line":111,"column":4},"end":{"line":112,"column":28}}]},"45":{"type":"branch","line":112,"loc":{"start":{"line":112,"column":28},"end":{"line":117,"column":15}},"locations":[{"start":{"line":112,"column":28},"end":{"line":117,"column":15}}]},"46":{"type":"branch","line":122,"loc":{"start":{"line":122,"column":12},"end":{"line":158,"column":5}},"locations":[{"start":{"line":122,"column":12},"end":{"line":158,"column":5}}]},"47":{"type":"branch","line":123,"loc":{"start":{"line":123,"column":26},"end":{"line":154,"column":5}},"locations":[{"start":{"line":123,"column":26},"end":{"line":154,"column":5}}]},"48":{"type":"branch","line":144,"loc":{"start":{"line":144,"column":27},"end":{"line":144,"column":36}},"locations":[{"start":{"line":144,"column":27},"end":{"line":144,"column":36}}]},"49":{"type":"branch","line":157,"loc":{"start":{"line":157,"column":11},"end":{"line":157,"column":70}},"locations":[{"start":{"line":157,"column":11},"end":{"line":157,"column":70}}]},"50":{"type":"branch","line":181,"loc":{"start":{"line":181,"column":53},"end":{"line":181,"column":73}},"locations":[{"start":{"line":181,"column":53},"end":{"line":181,"column":73}}]},"51":{"type":"branch","line":182,"loc":{"start":{"line":182,"column":53},"end":{"line":182,"column":73}},"locations":[{"start":{"line":182,"column":53},"end":{"line":182,"column":73}}]},"52":{"type":"branch","line":187,"loc":{"start":{"line":187,"column":51},"end":{"line":187,"column":66}},"locations":[{"start":{"line":187,"column":51},"end":{"line":187,"column":66}}]},"53":{"type":"branch","line":188,"loc":{"start":{"line":188,"column":53},"end":{"line":188,"column":70}},"locations":[{"start":{"line":188,"column":53},"end":{"line":188,"column":70}}]},"54":{"type":"branch","line":202,"loc":{"start":{"line":202,"column":53},"end":{"line":202,"column":73}},"locations":[{"start":{"line":202,"column":53},"end":{"line":202,"column":73}}]},"55":{"type":"branch","line":206,"loc":{"start":{"line":206,"column":52},"end":{"line":206,"column":72}},"locations":[{"start":{"line":206,"column":52},"end":{"line":206,"column":72}}]},"56":{"type":"branch","line":207,"loc":{"start":{"line":207,"column":52},"end":{"line":207,"column":72}},"locations":[{"start":{"line":207,"column":52},"end":{"line":207,"column":72}}]},"57":{"type":"branch","line":208,"loc":{"start":{"line":208,"column":53},"end":{"line":208,"column":73}},"locations":[{"start":{"line":208,"column":53},"end":{"line":208,"column":73}}]},"58":{"type":"branch","line":212,"loc":{"start":{"line":212,"column":52},"end":{"line":212,"column":72}},"locations":[{"start":{"line":212,"column":52},"end":{"line":212,"column":72}}]},"59":{"type":"branch","line":213,"loc":{"start":{"line":213,"column":51},"end":{"line":213,"column":79}},"locations":[{"start":{"line":213,"column":51},"end":{"line":213,"column":79}}]}},"b":{"0":[16],"1":[14],"2":[13],"3":[5],"4":[8],"5":[8],"6":[1],"7":[1],"8":[1],"9":[0],"10":[1],"11":[8],"12":[5],"13":[4],"14":[1],"15":[7],"16":[0],"17":[0],"18":[7],"19":[4],"20":[4],"21":[5],"22":[0],"23":[7],"24":[0],"25":[0],"26":[7],"27":[0],"28":[0],"29":[7],"30":[1],"31":[0],"32":[7],"33":[0],"34":[0],"35":[7],"36":[3],"37":[1],"38":[0],"39":[1],"40":[3],"41":[0],"42":[0],"43":[1],"44":[2],"45":[1],"46":[3],"47":[6],"48":[1],"49":[3],"50":[1],"51":[1],"52":[1],"53":[1],"54":[1],"55":[1],"56":[2],"57":[1],"58":[1],"59":[3]},"fnMap":{"0":{"name":"App","decl":{"start":{"line":6,"column":0},"end":{"line":219,"column":1}},"loc":{"start":{"line":6,"column":0},"end":{"line":219,"column":1}},"line":6},"1":{"name":"addChar","decl":{"start":{"line":14,"column":18},"end":{"line":18,"column":3}},"loc":{"start":{"line":14,"column":18},"end":{"line":18,"column":3}},"line":14},"2":{"name":"delChar","decl":{"start":{"line":20,"column":18},"end":{"line":22,"column":3}},"loc":{"start":{"line":20,"column":18},"end":{"line":22,"column":3}},"line":20},"3":{"name":"clear","decl":{"start":{"line":24,"column":16},"end":{"line":32,"column":3}},"loc":{"start":{"line":24,"column":16},"end":{"line":32,"column":3}},"line":24},"4":{"name":"canAppend","decl":{"start":{"line":36,"column":2},"end":{"line":72,"column":3}},"loc":{"start":{"line":36,"column":2},"end":{"line":72,"column":3}},"line":36},"5":{"name":"compute","decl":{"start":{"line":76,"column":2},"end":{"line":89,"column":3}},"loc":{"start":{"line":76,"column":2},"end":{"line":89,"column":3}},"line":76},"6":{"name":"roundToFour","decl":{"start":{"line":93,"column":2},"end":{"line":95,"column":3}},"loc":{"start":{"line":93,"column":2},"end":{"line":95,"column":3}},"line":93},"7":{"name":"canCompute","decl":{"start":{"line":97,"column":2},"end":{"line":118,"column":3}},"loc":{"start":{"line":97,"column":2},"end":{"line":118,"column":3}},"line":97},"8":{"name":"handleKeyDown","decl":{"start":{"line":123,"column":26},"end":{"line":154,"column":5}},"loc":{"start":{"line":123,"column":26},"end":{"line":154,"column":5}},"line":123},"9":{"name":"onClick","decl":{"start":{"line":171,"column":54},"end":{"line":171,"column":81}},"loc":{"start":{"line":171,"column":54},"end":{"line":171,"column":81}},"line":171},"10":{"name":"onClick","decl":{"start":{"line":181,"column":53},"end":{"line":181,"column":73}},"loc":{"start":{"line":181,"column":53},"end":{"line":181,"column":73}},"line":181},"11":{"name":"onClick","decl":{"start":{"line":182,"column":53},"end":{"line":182,"column":73}},"loc":{"start":{"line":182,"column":53},"end":{"line":182,"column":73}},"line":182},"12":{"name":"onClick","decl":{"start":{"line":183,"column":53},"end":{"line":183,"column":73}},"loc":{"start":{"line":183,"column":53},"end":{"line":183,"column":73}},"line":183},"13":{"name":"onClick","decl":{"start":{"line":184,"column":53},"end":{"line":184,"column":73}},"loc":{"start":{"line":184,"column":53},"end":{"line":184,"column":73}},"line":184},"14":{"name":"onClick","decl":{"start":{"line":187,"column":51},"end":{"line":187,"column":66}},"loc":{"start":{"line":187,"column":51},"end":{"line":187,"column":66}},"line":187},"15":{"name":"onClick","decl":{"start":{"line":188,"column":53},"end":{"line":188,"column":70}},"loc":{"start":{"line":188,"column":53},"end":{"line":188,"column":70}},"line":188},"16":{"name":"onClick","decl":{"start":{"line":189,"column":53},"end":{"line":189,"column":73}},"loc":{"start":{"line":189,"column":53},"end":{"line":189,"column":73}},"line":189},"17":{"name":"onClick","decl":{"start":{"line":190,"column":53},"end":{"line":190,"column":73}},"loc":{"start":{"line":190,"column":53},"end":{"line":190,"column":73}},"line":190},"18":{"name":"onClick","decl":{"start":{"line":193,"column":52},"end":{"line":193,"column":72}},"loc":{"start":{"line":193,"column":52},"end":{"line":193,"column":72}},"line":193},"19":{"name":"onClick","decl":{"start":{"line":194,"column":52},"end":{"line":194,"column":72}},"loc":{"start":{"line":194,"column":52},"end":{"line":194,"column":72}},"line":194},"20":{"name":"onClick","decl":{"start":{"line":195,"column":52},"end":{"line":195,"column":72}},"loc":{"start":{"line":195,"column":52},"end":{"line":195,"column":72}},"line":195},"21":{"name":"onClick","decl":{"start":{"line":196,"column":53},"end":{"line":196,"column":73}},"loc":{"start":{"line":196,"column":53},"end":{"line":196,"column":73}},"line":196},"22":{"name":"onClick","decl":{"start":{"line":199,"column":52},"end":{"line":199,"column":72}},"loc":{"start":{"line":199,"column":52},"end":{"line":199,"column":72}},"line":199},"23":{"name":"onClick","decl":{"start":{"line":200,"column":52},"end":{"line":200,"column":72}},"loc":{"start":{"line":200,"column":52},"end":{"line":200,"column":72}},"line":200},"24":{"name":"onClick","decl":{"start":{"line":201,"column":52},"end":{"line":201,"column":72}},"loc":{"start":{"line":201,"column":52},"end":{"line":201,"column":72}},"line":201},"25":{"name":"onClick","decl":{"start":{"line":202,"column":53},"end":{"line":202,"column":73}},"loc":{"start":{"line":202,"column":53},"end":{"line":202,"column":73}},"line":202},"26":{"name":"onClick","decl":{"start":{"line":205,"column":52},"end":{"line":205,"column":72}},"loc":{"start":{"line":205,"column":52},"end":{"line":205,"column":72}},"line":205},"27":{"name":"onClick","decl":{"start":{"line":206,"column":52},"end":{"line":206,"column":72}},"loc":{"start":{"line":206,"column":52},"end":{"line":206,"column":72}},"line":206},"28":{"name":"onClick","decl":{"start":{"line":207,"column":52},"end":{"line":207,"column":72}},"loc":{"start":{"line":207,"column":52},"end":{"line":207,"column":72}},"line":207},"29":{"name":"onClick","decl":{"start":{"line":208,"column":53},"end":{"line":208,"column":73}},"loc":{"start":{"line":208,"column":53},"end":{"line":208,"column":73}},"line":208},"30":{"name":"onClick","decl":{"start":{"line":211,"column":52},"end":{"line":211,"column":72}},"loc":{"start":{"line":211,"column":52},"end":{"line":211,"column":72}},"line":211},"31":{"name":"onClick","decl":{"start":{"line":212,"column":52},"end":{"line":212,"column":72}},"loc":{"start":{"line":212,"column":52},"end":{"line":212,"column":72}},"line":212},"32":{"name":"onClick","decl":{"start":{"line":213,"column":51},"end":{"line":213,"column":79}},"loc":{"start":{"line":213,"column":51},"end":{"line":213,"column":79}},"line":213}},"f":{"0":16,"1":8,"2":1,"3":1,"4":8,"5":3,"6":1,"7":3,"8":6,"9":0,"10":1,"11":1,"12":0,"13":0,"14":1,"15":1,"16":0,"17":0,"18":0,"19":0,"20":0,"21":0,"22":0,"23":0,"24":0,"25":1,"26":0,"27":1,"28":2,"29":1,"30":0,"31":1,"32":3}}
,"/Users/anthonyprevite/Documents/Git Repos/calculator/src/Button.tsx": {"path":"/Users/anthonyprevite/Documents/Git Repos/calculator/src/Button.tsx","all":false,"statementMap":{"1":{"start":{"line":2,"column":0},"end":{"line":2,"column":59}},"2":{"start":{"line":3,"column":0},"end":{"line":3,"column":32}},"3":{"start":{"line":4,"column":0},"end":{"line":4,"column":22}},"4":{"start":{"line":5,"column":0},"end":{"line":5,"column":19}},"5":{"start":{"line":6,"column":0},"end":{"line":6,"column":2}},"8":{"start":{"line":9,"column":0},"end":{"line":9,"column":44}},"9":{"start":{"line":10,"column":0},"end":{"line":10,"column":15}},"10":{"start":{"line":11,"column":0},"end":{"line":11,"column":28}},"11":{"start":{"line":12,"column":0},"end":{"line":12,"column":27}},"12":{"start":{"line":13,"column":0},"end":{"line":13,"column":2}},"21":{"start":{"line":22,"column":0},"end":{"line":22,"column":88}},"23":{"start":{"line":24,"column":0},"end":{"line":24,"column":27}},"24":{"start":{"line":25,"column":0},"end":{"line":25,"column":27}},"26":{"start":{"line":27,"column":0},"end":{"line":27,"column":67}},"27":{"start":{"line":28,"column":0},"end":{"line":28,"column":35}},"28":{"start":{"line":29,"column":0},"end":{"line":29,"column":35}},"29":{"start":{"line":30,"column":0},"end":{"line":30,"column":61}},"30":{"start":{"line":31,"column":0},"end":{"line":31,"column":14}},"31":{"start":{"line":32,"column":0},"end":{"line":32,"column":4}},"33":{"start":{"line":34,"column":0},"end":{"line":34,"column":10}},"34":{"start":{"line":35,"column":0},"end":{"line":35,"column":142}},"36":{"start":{"line":37,"column":0},"end":{"line":37,"column":1}}},"s":{"1":1,"2":1,"3":1,"4":1,"5":1,"8":1,"9":1,"10":1,"11":1,"12":1,"21":384,"23":384,"24":384,"26":384,"27":13,"28":13,"29":13,"30":13,"31":13,"33":384,"34":384,"36":384},"branchMap":{"0":{"type":"branch","line":22,"loc":{"start":{"line":22,"column":0},"end":{"line":37,"column":1}},"locations":[{"start":{"line":22,"column":0},"end":{"line":37,"column":1}}]},"1":{"type":"branch","line":27,"loc":{"start":{"line":27,"column":22},"end":{"line":32,"column":4}},"locations":[{"start":{"line":27,"column":22},"end":{"line":32,"column":4}}]}},"b":{"0":[384],"1":[13]},"fnMap":{"0":{"name":"Button","decl":{"start":{"line":22,"column":0},"end":{"line":37,"column":1}},"loc":{"start":{"line":22,"column":0},"end":{"line":37,"column":1}},"line":22},"1":{"name":"handleClick","decl":{"start":{"line":27,"column":22},"end":{"line":32,"column":4}},"loc":{"start":{"line":27,"column":22},"end":{"line":32,"column":4}},"line":27}},"f":{"0":384,"1":13}}
,"/Users/anthonyprevite/Documents/Git Repos/calculator/util/conditionCheck.ts": {"path":"/Users/anthonyprevite/Documents/Git Repos/calculator/util/conditionCheck.ts","all":false,"statementMap":{"0":{"start":{"line":1,"column":0},"end":{"line":1,"column":49}},"1":{"start":{"line":2,"column":0},"end":{"line":2,"column":66}},"3":{"start":{"line":4,"column":0},"end":{"line":4,"column":42}},"4":{"start":{"line":5,"column":0},"end":{"line":5,"column":34}},"5":{"start":{"line":6,"column":0},"end":{"line":6,"column":1}},"7":{"start":{"line":8,"column":0},"end":{"line":8,"column":39}},"8":{"start":{"line":9,"column":0},"end":{"line":9,"column":31}},"9":{"start":{"line":10,"column":0},"end":{"line":10,"column":1}},"11":{"start":{"line":12,"column":0},"end":{"line":12,"column":44}},"12":{"start":{"line":13,"column":0},"end":{"line":13,"column":77}},"13":{"start":{"line":14,"column":0},"end":{"line":14,"column":1}}},"s":{"0":1,"1":1,"3":1,"4":14,"5":14,"7":1,"8":2,"9":2,"11":1,"12":6,"13":6},"branchMap":{"0":{"type":"branch","line":4,"loc":{"start":{"line":4,"column":7},"end":{"line":6,"column":1}},"locations":[{"start":{"line":4,"column":7},"end":{"line":6,"column":1}}]},"1":{"type":"branch","line":8,"loc":{"start":{"line":8,"column":7},"end":{"line":10,"column":1}},"locations":[{"start":{"line":8,"column":7},"end":{"line":10,"column":1}}]},"2":{"type":"branch","line":12,"loc":{"start":{"line":12,"column":7},"end":{"line":14,"column":1}},"locations":[{"start":{"line":12,"column":7},"end":{"line":14,"column":1}}]},"3":{"type":"branch","line":13,"loc":{"start":{"line":13,"column":26},"end":{"line":13,"column":35}},"locations":[{"start":{"line":13,"column":26},"end":{"line":13,"column":35}}]},"4":{"type":"branch","line":13,"loc":{"start":{"line":13,"column":61},"end":{"line":13,"column":70}},"locations":[{"start":{"line":13,"column":61},"end":{"line":13,"column":70}}]}},"b":{"0":[14],"1":[2],"2":[6],"3":[2],"4":[4]},"fnMap":{"0":{"name":"isOperator","decl":{"start":{"line":4,"column":7},"end":{"line":6,"column":1}},"loc":{"start":{"line":4,"column":7},"end":{"line":6,"column":1}},"line":4},"1":{"name":"isDigit","decl":{"start":{"line":8,"column":7},"end":{"line":10,"column":1}},"loc":{"start":{"line":8,"column":7},"end":{"line":10,"column":1}},"line":8},"2":{"name":"hasOpenParen","decl":{"start":{"line":12,"column":7},"end":{"line":14,"column":1}},"loc":{"start":{"line":12,"column":7},"end":{"line":14,"column":1}},"line":12}},"f":{"0":14,"1":2,"2":6}}
}
