{"/Users/anthonyprevite/Documents/Git Repos/calculator/src/App.tsx": {"path":"/Users/anthonyprevite/Documents/Git Repos/calculator/src/App.tsx","all":false,"statementMap":{"0":{"start":{"line":1,"column":0},"end":{"line":1,"column":44}},"1":{"start":{"line":2,"column":0},"end":{"line":2,"column":34}},"2":{"start":{"line":3,"column":0},"end":{"line":3,"column":30}},"4":{"start":{"line":5,"column":0},"end":{"line":5,"column":16}},"6":{"start":{"line":7,"column":0},"end":{"line":7,"column":47}},"7":{"start":{"line":8,"column":0},"end":{"line":8,"column":53}},"8":{"start":{"line":9,"column":0},"end":{"line":9,"column":54}},"12":{"start":{"line":13,"column":0},"end":{"line":13,"column":37}},"13":{"start":{"line":14,"column":0},"end":{"line":14,"column":37}},"14":{"start":{"line":15,"column":0},"end":{"line":15,"column":42}},"15":{"start":{"line":16,"column":0},"end":{"line":16,"column":5}},"16":{"start":{"line":17,"column":0},"end":{"line":17,"column":3}},"18":{"start":{"line":19,"column":0},"end":{"line":19,"column":26}},"19":{"start":{"line":20,"column":0},"end":{"line":20,"column":45}},"20":{"start":{"line":21,"column":0},"end":{"line":21,"column":3}},"22":{"start":{"line":23,"column":0},"end":{"line":23,"column":23}},"24":{"start":{"line":25,"column":0},"end":{"line":25,"column":28}},"25":{"start":{"line":26,"column":0},"end":{"line":26,"column":21}},"26":{"start":{"line":27,"column":0},"end":{"line":27,"column":12}},"27":{"start":{"line":28,"column":0},"end":{"line":28,"column":53}},"28":{"start":{"line":29,"column":0},"end":{"line":29,"column":5}},"29":{"start":{"line":30,"column":0},"end":{"line":30,"column":23}},"30":{"start":{"line":31,"column":0},"end":{"line":31,"column":3}},"34":{"start":{"line":35,"column":0},"end":{"line":35,"column":51}},"35":{"start":{"line":36,"column":0},"end":{"line":36,"column":68}},"37":{"start":{"line":38,"column":0},"end":{"line":38,"column":37}},"38":{"start":{"line":39,"column":0},"end":{"line":39,"column":36}},"39":{"start":{"line":40,"column":0},"end":{"line":40,"column":3}},"40":{"start":{"line":41,"column":0},"end":{"line":41,"column":34}},"41":{"start":{"line":42,"column":0},"end":{"line":42,"column":33}},"42":{"start":{"line":43,"column":0},"end":{"line":43,"column":3}},"43":{"start":{"line":44,"column":0},"end":{"line":44,"column":39}},"44":{"start":{"line":45,"column":0},"end":{"line":45,"column":79}},"45":{"start":{"line":46,"column":0},"end":{"line":46,"column":3}},"47":{"start":{"line":48,"column":0},"end":{"line":48,"column":62}},"48":{"start":{"line":49,"column":0},"end":{"line":49,"column":34}},"50":{"start":{"line":51,"column":0},"end":{"line":51,"column":65}},"52":{"start":{"line":53,"column":0},"end":{"line":53,"column":36}},"53":{"start":{"line":54,"column":0},"end":{"line":54,"column":54}},"54":{"start":{"line":55,"column":0},"end":{"line":55,"column":18}},"55":{"start":{"line":56,"column":0},"end":{"line":56,"column":5}},"57":{"start":{"line":58,"column":0},"end":{"line":58,"column":85}},"58":{"start":{"line":59,"column":0},"end":{"line":59,"column":51}},"59":{"start":{"line":60,"column":0},"end":{"line":60,"column":18}},"60":{"start":{"line":61,"column":0},"end":{"line":61,"column":5}},"62":{"start":{"line":63,"column":0},"end":{"line":63,"column":38}},"63":{"start":{"line":64,"column":0},"end":{"line":64,"column":54}},"64":{"start":{"line":65,"column":0},"end":{"line":65,"column":18}},"65":{"start":{"line":66,"column":0},"end":{"line":66,"column":5}},"67":{"start":{"line":68,"column":0},"end":{"line":68,"column":60}},"68":{"start":{"line":69,"column":0},"end":{"line":69,"column":62}},"69":{"start":{"line":70,"column":0},"end":{"line":70,"column":18}},"70":{"start":{"line":71,"column":0},"end":{"line":71,"column":5}},"72":{"start":{"line":73,"column":0},"end":{"line":73,"column":47}},"73":{"start":{"line":74,"column":0},"end":{"line":74,"column":56}},"74":{"start":{"line":75,"column":0},"end":{"line":75,"column":18}},"75":{"start":{"line":76,"column":0},"end":{"line":76,"column":5}},"77":{"start":{"line":78,"column":0},"end":{"line":78,"column":38}},"78":{"start":{"line":79,"column":0},"end":{"line":79,"column":45}},"79":{"start":{"line":80,"column":0},"end":{"line":80,"column":18}},"80":{"start":{"line":81,"column":0},"end":{"line":81,"column":5}},"82":{"start":{"line":83,"column":0},"end":{"line":83,"column":15}},"83":{"start":{"line":84,"column":0},"end":{"line":84,"column":3}},"87":{"start":{"line":88,"column":0},"end":{"line":88,"column":37}},"89":{"start":{"line":90,"column":0},"end":{"line":90,"column":32}},"90":{"start":{"line":91,"column":0},"end":{"line":91,"column":10}},"91":{"start":{"line":92,"column":0},"end":{"line":92,"column":54}},"92":{"start":{"line":93,"column":0},"end":{"line":93,"column":32}},"93":{"start":{"line":94,"column":0},"end":{"line":94,"column":68}},"94":{"start":{"line":95,"column":0},"end":{"line":95,"column":23}},"95":{"start":{"line":96,"column":0},"end":{"line":96,"column":50}},"96":{"start":{"line":97,"column":0},"end":{"line":97,"column":45}},"97":{"start":{"line":98,"column":0},"end":{"line":98,"column":7}},"98":{"start":{"line":99,"column":0},"end":{"line":99,"column":5}},"100":{"start":{"line":101,"column":0},"end":{"line":101,"column":3}},"104":{"start":{"line":105,"column":0},"end":{"line":105,"column":45}},"105":{"start":{"line":106,"column":0},"end":{"line":106,"column":43}},"106":{"start":{"line":107,"column":0},"end":{"line":107,"column":3}},"108":{"start":{"line":109,"column":0},"end":{"line":109,"column":49}},"109":{"start":{"line":110,"column":0},"end":{"line":110,"column":34}},"111":{"start":{"line":112,"column":0},"end":{"line":112,"column":25}},"112":{"start":{"line":113,"column":0},"end":{"line":113,"column":58}},"113":{"start":{"line":114,"column":0},"end":{"line":114,"column":18}},"114":{"start":{"line":115,"column":0},"end":{"line":115,"column":5}},"115":{"start":{"line":116,"column":0},"end":{"line":116,"column":21}},"116":{"start":{"line":117,"column":0},"end":{"line":117,"column":50}},"117":{"start":{"line":118,"column":0},"end":{"line":118,"column":18}},"118":{"start":{"line":119,"column":0},"end":{"line":119,"column":5}},"119":{"start":{"line":120,"column":0},"end":{"line":120,"column":30}},"120":{"start":{"line":121,"column":0},"end":{"line":121,"column":59}},"121":{"start":{"line":122,"column":0},"end":{"line":122,"column":18}},"122":{"start":{"line":123,"column":0},"end":{"line":123,"column":5}},"123":{"start":{"line":124,"column":0},"end":{"line":124,"column":29}},"124":{"start":{"line":125,"column":0},"end":{"line":125,"column":45}},"125":{"start":{"line":126,"column":0},"end":{"line":126,"column":18}},"126":{"start":{"line":127,"column":0},"end":{"line":127,"column":5}},"128":{"start":{"line":129,"column":0},"end":{"line":129,"column":15}},"129":{"start":{"line":130,"column":0},"end":{"line":130,"column":3}},"133":{"start":{"line":134,"column":0},"end":{"line":134,"column":19}},"134":{"start":{"line":135,"column":0},"end":{"line":135,"column":49}},"136":{"start":{"line":137,"column":0},"end":{"line":137,"column":24}},"138":{"start":{"line":139,"column":0},"end":{"line":139,"column":43}},"139":{"start":{"line":140,"column":0},"end":{"line":140,"column":17}},"140":{"start":{"line":141,"column":0},"end":{"line":141,"column":17}},"141":{"start":{"line":142,"column":0},"end":{"line":142,"column":17}},"142":{"start":{"line":143,"column":0},"end":{"line":143,"column":17}},"143":{"start":{"line":144,"column":0},"end":{"line":144,"column":17}},"144":{"start":{"line":145,"column":0},"end":{"line":145,"column":21}},"145":{"start":{"line":146,"column":0},"end":{"line":146,"column":17}},"146":{"start":{"line":147,"column":0},"end":{"line":147,"column":27}},"147":{"start":{"line":148,"column":0},"end":{"line":148,"column":24}},"148":{"start":{"line":149,"column":0},"end":{"line":149,"column":22}},"149":{"start":{"line":150,"column":0},"end":{"line":150,"column":17}},"150":{"start":{"line":151,"column":0},"end":{"line":151,"column":17}},"151":{"start":{"line":152,"column":0},"end":{"line":152,"column":18}},"152":{"start":{"line":153,"column":0},"end":{"line":153,"column":18}},"153":{"start":{"line":154,"column":0},"end":{"line":154,"column":8}},"155":{"start":{"line":156,"column":0},"end":{"line":156,"column":36}},"157":{"start":{"line":158,"column":0},"end":{"line":158,"column":98}},"159":{"start":{"line":160,"column":0},"end":{"line":160,"column":19}},"160":{"start":{"line":161,"column":0},"end":{"line":161,"column":39}},"161":{"start":{"line":162,"column":0},"end":{"line":162,"column":23}},"163":{"start":{"line":164,"column":0},"end":{"line":164,"column":65}},"164":{"start":{"line":165,"column":0},"end":{"line":165,"column":7}},"165":{"start":{"line":166,"column":0},"end":{"line":166,"column":5}},"167":{"start":{"line":168,"column":0},"end":{"line":168,"column":54}},"168":{"start":{"line":169,"column":0},"end":{"line":169,"column":70}},"169":{"start":{"line":170,"column":0},"end":{"line":170,"column":8}},"172":{"start":{"line":173,"column":0},"end":{"line":173,"column":10}},"173":{"start":{"line":174,"column":0},"end":{"line":174,"column":6}},"175":{"start":{"line":176,"column":0},"end":{"line":176,"column":74}},"177":{"start":{"line":178,"column":0},"end":{"line":178,"column":120}},"179":{"start":{"line":180,"column":0},"end":{"line":180,"column":132}},"181":{"start":{"line":182,"column":0},"end":{"line":182,"column":70}},"182":{"start":{"line":183,"column":0},"end":{"line":183,"column":92}},"183":{"start":{"line":184,"column":0},"end":{"line":184,"column":108}},"184":{"start":{"line":185,"column":0},"end":{"line":185,"column":18}},"185":{"start":{"line":186,"column":0},"end":{"line":186,"column":108}},"186":{"start":{"line":187,"column":0},"end":{"line":187,"column":110}},"187":{"start":{"line":188,"column":0},"end":{"line":188,"column":16}},"189":{"start":{"line":190,"column":0},"end":{"line":190,"column":54}},"192":{"start":{"line":193,"column":0},"end":{"line":193,"column":75}},"193":{"start":{"line":194,"column":0},"end":{"line":194,"column":75}},"194":{"start":{"line":195,"column":0},"end":{"line":195,"column":75}},"195":{"start":{"line":196,"column":0},"end":{"line":196,"column":75}},"198":{"start":{"line":199,"column":0},"end":{"line":199,"column":68}},"199":{"start":{"line":200,"column":0},"end":{"line":200,"column":72}},"200":{"start":{"line":201,"column":0},"end":{"line":201,"column":75}},"201":{"start":{"line":202,"column":0},"end":{"line":202,"column":75}},"204":{"start":{"line":205,"column":0},"end":{"line":205,"column":74}},"205":{"start":{"line":206,"column":0},"end":{"line":206,"column":74}},"206":{"start":{"line":207,"column":0},"end":{"line":207,"column":74}},"207":{"start":{"line":208,"column":0},"end":{"line":208,"column":75}},"210":{"start":{"line":211,"column":0},"end":{"line":211,"column":74}},"211":{"start":{"line":212,"column":0},"end":{"line":212,"column":74}},"212":{"start":{"line":213,"column":0},"end":{"line":213,"column":74}},"213":{"start":{"line":214,"column":0},"end":{"line":214,"column":75}},"216":{"start":{"line":217,"column":0},"end":{"line":217,"column":74}},"217":{"start":{"line":218,"column":0},"end":{"line":218,"column":74}},"218":{"start":{"line":219,"column":0},"end":{"line":219,"column":74}},"219":{"start":{"line":220,"column":0},"end":{"line":220,"column":75}},"222":{"start":{"line":223,"column":0},"end":{"line":223,"column":74}},"223":{"start":{"line":224,"column":0},"end":{"line":224,"column":74}},"224":{"start":{"line":225,"column":0},"end":{"line":225,"column":90}},"225":{"start":{"line":226,"column":0},"end":{"line":226,"column":16}},"226":{"start":{"line":227,"column":0},"end":{"line":227,"column":14}},"227":{"start":{"line":228,"column":0},"end":{"line":228,"column":12}},"228":{"start":{"line":229,"column":0},"end":{"line":229,"column":7}},"230":{"start":{"line":231,"column":0},"end":{"line":231,"column":1}},"232":{"start":{"line":233,"column":0},"end":{"line":233,"column":18}}},"s":{"0":1,"1":1,"2":1,"4":9,"6":9,"7":9,"8":9,"12":9,"13":4,"14":4,"15":4,"16":4,"18":9,"19":0,"20":0,"22":9,"24":1,"25":0,"26":1,"27":1,"28":1,"29":1,"30":1,"34":9,"35":9,"37":9,"38":7,"39":7,"40":9,"41":0,"42":0,"43":9,"44":2,"45":2,"47":9,"48":4,"50":4,"52":4,"53":0,"54":0,"55":0,"57":4,"58":0,"59":0,"60":0,"62":4,"63":0,"64":0,"65":0,"67":4,"68":0,"69":0,"70":0,"72":4,"73":0,"74":0,"75":0,"77":4,"78":0,"79":0,"80":0,"82":4,"83":4,"87":9,"89":2,"90":1,"91":1,"92":1,"93":1,"94":1,"95":0,"96":0,"97":0,"98":1,"100":2,"104":9,"105":1,"106":1,"108":9,"109":2,"111":2,"112":0,"113":0,"114":0,"115":2,"116":0,"117":0,"118":0,"119":2,"120":0,"121":0,"122":0,"123":2,"124":1,"125":1,"126":1,"128":1,"129":2,"133":9,"134":2,"136":0,"138":0,"139":0,"140":0,"141":0,"142":0,"143":0,"144":0,"145":0,"146":0,"147":0,"148":0,"149":0,"150":0,"151":0,"152":0,"153":0,"155":0,"157":0,"159":0,"160":0,"161":0,"163":0,"164":0,"165":0,"167":2,"168":2,"169":9,"172":9,"173":9,"175":9,"177":9,"179":9,"181":9,"182":9,"183":9,"184":9,"185":9,"186":9,"187":9,"189":9,"192":9,"193":9,"194":9,"195":9,"198":9,"199":9,"200":9,"201":9,"204":9,"205":9,"206":9,"207":9,"210":9,"211":9,"212":9,"213":9,"216":9,"217":9,"218":9,"219":9,"222":9,"223":9,"224":9,"225":9,"226":9,"227":9,"228":9,"230":9,"232":1},"branchMap":{"0":{"type":"branch","line":5,"loc":{"start":{"line":5,"column":0},"end":{"line":231,"column":1}},"locations":[{"start":{"line":5,"column":0},"end":{"line":231,"column":1}}]},"1":{"type":"branch","line":184,"loc":{"start":{"line":184,"column":79},"end":{"line":184,"column":104}},"locations":[{"start":{"line":184,"column":79},"end":{"line":184,"column":104}}]},"2":{"type":"branch","line":186,"loc":{"start":{"line":186,"column":83},"end":{"line":186,"column":104}},"locations":[{"start":{"line":186,"column":83},"end":{"line":186,"column":104}}]},"3":{"type":"branch","line":187,"loc":{"start":{"line":187,"column":82},"end":{"line":187,"column":106}},"locations":[{"start":{"line":187,"column":82},"end":{"line":187,"column":106}}]},"4":{"type":"branch","line":13,"loc":{"start":{"line":13,"column":18},"end":{"line":17,"column":3}},"locations":[{"start":{"line":13,"column":18},"end":{"line":17,"column":3}}]},"5":{"type":"branch","line":15,"loc":{"start":{"line":15,"column":21},"end":{"line":15,"column":40}},"locations":[{"start":{"line":15,"column":21},"end":{"line":15,"column":40}}]},"6":{"type":"branch","line":23,"loc":{"start":{"line":23,"column":16},"end":{"line":31,"column":3}},"locations":[{"start":{"line":23,"column":16},"end":{"line":31,"column":3}}]},"7":{"type":"branch","line":25,"loc":{"start":{"line":25,"column":27},"end":{"line":27,"column":11}},"locations":[{"start":{"line":25,"column":27},"end":{"line":27,"column":11}}]},"8":{"type":"branch","line":28,"loc":{"start":{"line":28,"column":18},"end":{"line":28,"column":52}},"locations":[{"start":{"line":28,"column":18},"end":{"line":28,"column":52}}]},"9":{"type":"branch","line":38,"loc":{"start":{"line":38,"column":2},"end":{"line":40,"column":3}},"locations":[{"start":{"line":38,"column":2},"end":{"line":40,"column":3}}]},"10":{"type":"branch","line":44,"loc":{"start":{"line":44,"column":2},"end":{"line":46,"column":3}},"locations":[{"start":{"line":44,"column":2},"end":{"line":46,"column":3}}]},"11":{"type":"branch","line":48,"loc":{"start":{"line":48,"column":2},"end":{"line":84,"column":3}},"locations":[{"start":{"line":48,"column":2},"end":{"line":84,"column":3}}]},"12":{"type":"branch","line":51,"loc":{"start":{"line":51,"column":17},"end":{"line":51,"column":40}},"locations":[{"start":{"line":51,"column":17},"end":{"line":51,"column":40}}]},"13":{"type":"branch","line":51,"loc":{"start":{"line":51,"column":32},"end":{"line":51,"column":54}},"locations":[{"start":{"line":51,"column":32},"end":{"line":51,"column":54}}]},"14":{"type":"branch","line":51,"loc":{"start":{"line":51,"column":54},"end":{"line":51,"column":65}},"locations":[{"start":{"line":51,"column":54},"end":{"line":51,"column":65}}]},"15":{"type":"branch","line":53,"loc":{"start":{"line":53,"column":16},"end":{"line":53,"column":35}},"locations":[{"start":{"line":53,"column":16},"end":{"line":53,"column":35}}]},"16":{"type":"branch","line":53,"loc":{"start":{"line":53,"column":35},"end":{"line":56,"column":5}},"locations":[{"start":{"line":53,"column":35},"end":{"line":56,"column":5}}]},"17":{"type":"branch","line":58,"loc":{"start":{"line":58,"column":20},"end":{"line":58,"column":45}},"locations":[{"start":{"line":58,"column":20},"end":{"line":58,"column":45}}]},"18":{"type":"branch","line":58,"loc":{"start":{"line":58,"column":38},"end":{"line":58,"column":66}},"locations":[{"start":{"line":58,"column":38},"end":{"line":58,"column":66}}]},"19":{"type":"branch","line":58,"loc":{"start":{"line":58,"column":60},"end":{"line":58,"column":84}},"locations":[{"start":{"line":58,"column":60},"end":{"line":58,"column":84}}]},"20":{"type":"branch","line":58,"loc":{"start":{"line":58,"column":84},"end":{"line":61,"column":5}},"locations":[{"start":{"line":58,"column":84},"end":{"line":61,"column":5}}]},"21":{"type":"branch","line":63,"loc":{"start":{"line":63,"column":16},"end":{"line":63,"column":37}},"locations":[{"start":{"line":63,"column":16},"end":{"line":63,"column":37}}]},"22":{"type":"branch","line":63,"loc":{"start":{"line":63,"column":37},"end":{"line":66,"column":5}},"locations":[{"start":{"line":63,"column":37},"end":{"line":66,"column":5}}]},"23":{"type":"branch","line":68,"loc":{"start":{"line":68,"column":16},"end":{"line":68,"column":59}},"locations":[{"start":{"line":68,"column":16},"end":{"line":68,"column":59}}]},"24":{"type":"branch","line":68,"loc":{"start":{"line":68,"column":59},"end":{"line":71,"column":5}},"locations":[{"start":{"line":68,"column":59},"end":{"line":71,"column":5}}]},"25":{"type":"branch","line":73,"loc":{"start":{"line":73,"column":16},"end":{"line":73,"column":46}},"locations":[{"start":{"line":73,"column":16},"end":{"line":73,"column":46}}]},"26":{"type":"branch","line":73,"loc":{"start":{"line":73,"column":46},"end":{"line":76,"column":5}},"locations":[{"start":{"line":73,"column":46},"end":{"line":76,"column":5}}]},"27":{"type":"branch","line":78,"loc":{"start":{"line":78,"column":16},"end":{"line":78,"column":37}},"locations":[{"start":{"line":78,"column":16},"end":{"line":78,"column":37}}]},"28":{"type":"branch","line":78,"loc":{"start":{"line":78,"column":37},"end":{"line":81,"column":5}},"locations":[{"start":{"line":78,"column":37},"end":{"line":81,"column":5}}]},"29":{"type":"branch","line":88,"loc":{"start":{"line":88,"column":2},"end":{"line":101,"column":3}},"locations":[{"start":{"line":88,"column":2},"end":{"line":101,"column":3}}]},"30":{"type":"branch","line":90,"loc":{"start":{"line":90,"column":31},"end":{"line":99,"column":5}},"locations":[{"start":{"line":90,"column":31},"end":{"line":99,"column":5}}]},"31":{"type":"branch","line":95,"loc":{"start":{"line":95,"column":6},"end":{"line":98,"column":7}},"locations":[{"start":{"line":95,"column":6},"end":{"line":98,"column":7}}]},"32":{"type":"branch","line":105,"loc":{"start":{"line":105,"column":2},"end":{"line":107,"column":3}},"locations":[{"start":{"line":105,"column":2},"end":{"line":107,"column":3}}]},"33":{"type":"branch","line":109,"loc":{"start":{"line":109,"column":2},"end":{"line":130,"column":3}},"locations":[{"start":{"line":109,"column":2},"end":{"line":130,"column":3}}]},"34":{"type":"branch","line":112,"loc":{"start":{"line":112,"column":24},"end":{"line":115,"column":5}},"locations":[{"start":{"line":112,"column":24},"end":{"line":115,"column":5}}]},"35":{"type":"branch","line":116,"loc":{"start":{"line":116,"column":20},"end":{"line":119,"column":5}},"locations":[{"start":{"line":116,"column":20},"end":{"line":119,"column":5}}]},"36":{"type":"branch","line":120,"loc":{"start":{"line":120,"column":29},"end":{"line":123,"column":5}},"locations":[{"start":{"line":120,"column":29},"end":{"line":123,"column":5}}]},"37":{"type":"branch","line":124,"loc":{"start":{"line":124,"column":28},"end":{"line":129,"column":15}},"locations":[{"start":{"line":124,"column":28},"end":{"line":129,"column":15}}]},"38":{"type":"branch","line":134,"loc":{"start":{"line":134,"column":12},"end":{"line":170,"column":5}},"locations":[{"start":{"line":134,"column":12},"end":{"line":170,"column":5}}]},"39":{"type":"branch","line":169,"loc":{"start":{"line":169,"column":11},"end":{"line":169,"column":70}},"locations":[{"start":{"line":169,"column":11},"end":{"line":169,"column":70}}]},"40":{"type":"branch","line":199,"loc":{"start":{"line":199,"column":51},"end":{"line":199,"column":66}},"locations":[{"start":{"line":199,"column":51},"end":{"line":199,"column":66}}]},"41":{"type":"branch","line":218,"loc":{"start":{"line":218,"column":52},"end":{"line":218,"column":72}},"locations":[{"start":{"line":218,"column":52},"end":{"line":218,"column":72}}]},"42":{"type":"branch","line":219,"loc":{"start":{"line":219,"column":52},"end":{"line":219,"column":72}},"locations":[{"start":{"line":219,"column":52},"end":{"line":219,"column":72}}]},"43":{"type":"branch","line":220,"loc":{"start":{"line":220,"column":53},"end":{"line":220,"column":73}},"locations":[{"start":{"line":220,"column":53},"end":{"line":220,"column":73}}]},"44":{"type":"branch","line":224,"loc":{"start":{"line":224,"column":52},"end":{"line":224,"column":72}},"locations":[{"start":{"line":224,"column":52},"end":{"line":224,"column":72}}]},"45":{"type":"branch","line":225,"loc":{"start":{"line":225,"column":51},"end":{"line":225,"column":79}},"locations":[{"start":{"line":225,"column":51},"end":{"line":225,"column":79}}]}},"b":{"0":[9],"1":[8],"2":[6],"3":[4],"4":[4],"5":[4],"6":[1],"7":[0],"8":[1],"9":[7],"10":[2],"11":[4],"12":[2],"13":[2],"14":[0],"15":[0],"16":[0],"17":[2],"18":[2],"19":[3],"20":[0],"21":[0],"22":[0],"23":[0],"24":[0],"25":[0],"26":[0],"27":[0],"28":[0],"29":[2],"30":[1],"31":[0],"32":[1],"33":[2],"34":[0],"35":[0],"36":[0],"37":[1],"38":[2],"39":[2],"40":[1],"41":[1],"42":[1],"43":[1],"44":[1],"45":[2]},"fnMap":{"0":{"name":"App","decl":{"start":{"line":5,"column":0},"end":{"line":231,"column":1}},"loc":{"start":{"line":5,"column":0},"end":{"line":231,"column":1}},"line":5},"1":{"name":"addChar","decl":{"start":{"line":13,"column":18},"end":{"line":17,"column":3}},"loc":{"start":{"line":13,"column":18},"end":{"line":17,"column":3}},"line":13},"2":{"name":"delChar","decl":{"start":{"line":19,"column":18},"end":{"line":21,"column":3}},"loc":{"start":{"line":19,"column":18},"end":{"line":21,"column":3}},"line":19},"3":{"name":"clear","decl":{"start":{"line":23,"column":16},"end":{"line":31,"column":3}},"loc":{"start":{"line":23,"column":16},"end":{"line":31,"column":3}},"line":23},"4":{"name":"isOperator","decl":{"start":{"line":38,"column":2},"end":{"line":40,"column":3}},"loc":{"start":{"line":38,"column":2},"end":{"line":40,"column":3}},"line":38},"5":{"name":"isDigit","decl":{"start":{"line":41,"column":2},"end":{"line":43,"column":3}},"loc":{"start":{"line":41,"column":2},"end":{"line":43,"column":3}},"line":41},"6":{"name":"hasOpenParen","decl":{"start":{"line":44,"column":2},"end":{"line":46,"column":3}},"loc":{"start":{"line":44,"column":2},"end":{"line":46,"column":3}},"line":44},"7":{"name":"canAppend","decl":{"start":{"line":48,"column":2},"end":{"line":84,"column":3}},"loc":{"start":{"line":48,"column":2},"end":{"line":84,"column":3}},"line":48},"8":{"name":"compute","decl":{"start":{"line":88,"column":2},"end":{"line":101,"column":3}},"loc":{"start":{"line":88,"column":2},"end":{"line":101,"column":3}},"line":88},"9":{"name":"roundToFour","decl":{"start":{"line":105,"column":2},"end":{"line":107,"column":3}},"loc":{"start":{"line":105,"column":2},"end":{"line":107,"column":3}},"line":105},"10":{"name":"canCompute","decl":{"start":{"line":109,"column":2},"end":{"line":130,"column":3}},"loc":{"start":{"line":109,"column":2},"end":{"line":130,"column":3}},"line":109},"11":{"name":"handleKeyDown","decl":{"start":{"line":135,"column":26},"end":{"line":166,"column":5}},"loc":{"start":{"line":135,"column":26},"end":{"line":166,"column":5}},"line":135},"12":{"name":"onClick","decl":{"start":{"line":183,"column":54},"end":{"line":183,"column":81}},"loc":{"start":{"line":183,"column":54},"end":{"line":183,"column":81}},"line":183},"13":{"name":"onClick","decl":{"start":{"line":193,"column":53},"end":{"line":193,"column":73}},"loc":{"start":{"line":193,"column":53},"end":{"line":193,"column":73}},"line":193},"14":{"name":"onClick","decl":{"start":{"line":194,"column":53},"end":{"line":194,"column":73}},"loc":{"start":{"line":194,"column":53},"end":{"line":194,"column":73}},"line":194},"15":{"name":"onClick","decl":{"start":{"line":195,"column":53},"end":{"line":195,"column":73}},"loc":{"start":{"line":195,"column":53},"end":{"line":195,"column":73}},"line":195},"16":{"name":"onClick","decl":{"start":{"line":196,"column":53},"end":{"line":196,"column":73}},"loc":{"start":{"line":196,"column":53},"end":{"line":196,"column":73}},"line":196},"17":{"name":"onClick","decl":{"start":{"line":199,"column":51},"end":{"line":199,"column":66}},"loc":{"start":{"line":199,"column":51},"end":{"line":199,"column":66}},"line":199},"18":{"name":"onClick","decl":{"start":{"line":200,"column":53},"end":{"line":200,"column":70}},"loc":{"start":{"line":200,"column":53},"end":{"line":200,"column":70}},"line":200},"19":{"name":"onClick","decl":{"start":{"line":201,"column":53},"end":{"line":201,"column":73}},"loc":{"start":{"line":201,"column":53},"end":{"line":201,"column":73}},"line":201},"20":{"name":"onClick","decl":{"start":{"line":202,"column":53},"end":{"line":202,"column":73}},"loc":{"start":{"line":202,"column":53},"end":{"line":202,"column":73}},"line":202},"21":{"name":"onClick","decl":{"start":{"line":205,"column":52},"end":{"line":205,"column":72}},"loc":{"start":{"line":205,"column":52},"end":{"line":205,"column":72}},"line":205},"22":{"name":"onClick","decl":{"start":{"line":206,"column":52},"end":{"line":206,"column":72}},"loc":{"start":{"line":206,"column":52},"end":{"line":206,"column":72}},"line":206},"23":{"name":"onClick","decl":{"start":{"line":207,"column":52},"end":{"line":207,"column":72}},"loc":{"start":{"line":207,"column":52},"end":{"line":207,"column":72}},"line":207},"24":{"name":"onClick","decl":{"start":{"line":208,"column":53},"end":{"line":208,"column":73}},"loc":{"start":{"line":208,"column":53},"end":{"line":208,"column":73}},"line":208},"25":{"name":"onClick","decl":{"start":{"line":211,"column":52},"end":{"line":211,"column":72}},"loc":{"start":{"line":211,"column":52},"end":{"line":211,"column":72}},"line":211},"26":{"name":"onClick","decl":{"start":{"line":212,"column":52},"end":{"line":212,"column":72}},"loc":{"start":{"line":212,"column":52},"end":{"line":212,"column":72}},"line":212},"27":{"name":"onClick","decl":{"start":{"line":213,"column":52},"end":{"line":213,"column":72}},"loc":{"start":{"line":213,"column":52},"end":{"line":213,"column":72}},"line":213},"28":{"name":"onClick","decl":{"start":{"line":214,"column":53},"end":{"line":214,"column":73}},"loc":{"start":{"line":214,"column":53},"end":{"line":214,"column":73}},"line":214},"29":{"name":"onClick","decl":{"start":{"line":217,"column":52},"end":{"line":217,"column":72}},"loc":{"start":{"line":217,"column":52},"end":{"line":217,"column":72}},"line":217},"30":{"name":"onClick","decl":{"start":{"line":218,"column":52},"end":{"line":218,"column":72}},"loc":{"start":{"line":218,"column":52},"end":{"line":218,"column":72}},"line":218},"31":{"name":"onClick","decl":{"start":{"line":219,"column":52},"end":{"line":219,"column":72}},"loc":{"start":{"line":219,"column":52},"end":{"line":219,"column":72}},"line":219},"32":{"name":"onClick","decl":{"start":{"line":220,"column":53},"end":{"line":220,"column":73}},"loc":{"start":{"line":220,"column":53},"end":{"line":220,"column":73}},"line":220},"33":{"name":"onClick","decl":{"start":{"line":223,"column":52},"end":{"line":223,"column":72}},"loc":{"start":{"line":223,"column":52},"end":{"line":223,"column":72}},"line":223},"34":{"name":"onClick","decl":{"start":{"line":224,"column":52},"end":{"line":224,"column":72}},"loc":{"start":{"line":224,"column":52},"end":{"line":224,"column":72}},"line":224},"35":{"name":"onClick","decl":{"start":{"line":225,"column":51},"end":{"line":225,"column":79}},"loc":{"start":{"line":225,"column":51},"end":{"line":225,"column":79}},"line":225}},"f":{"0":9,"1":4,"2":0,"3":1,"4":7,"5":0,"6":2,"7":4,"8":2,"9":1,"10":2,"11":0,"12":0,"13":0,"14":0,"15":0,"16":0,"17":1,"18":0,"19":0,"20":0,"21":0,"22":0,"23":0,"24":0,"25":0,"26":0,"27":0,"28":0,"29":0,"30":1,"31":1,"32":1,"33":0,"34":1,"35":2}}
,"/Users/anthonyprevite/Documents/Git Repos/calculator/src/Button.tsx": {"path":"/Users/anthonyprevite/Documents/Git Repos/calculator/src/Button.tsx","all":false,"statementMap":{"1":{"start":{"line":2,"column":0},"end":{"line":2,"column":59}},"2":{"start":{"line":3,"column":0},"end":{"line":3,"column":32}},"3":{"start":{"line":4,"column":0},"end":{"line":4,"column":22}},"4":{"start":{"line":5,"column":0},"end":{"line":5,"column":19}},"5":{"start":{"line":6,"column":0},"end":{"line":6,"column":2}},"8":{"start":{"line":9,"column":0},"end":{"line":9,"column":44}},"9":{"start":{"line":10,"column":0},"end":{"line":10,"column":15}},"10":{"start":{"line":11,"column":0},"end":{"line":11,"column":28}},"11":{"start":{"line":12,"column":0},"end":{"line":12,"column":27}},"12":{"start":{"line":13,"column":0},"end":{"line":13,"column":2}},"21":{"start":{"line":22,"column":0},"end":{"line":22,"column":88}},"23":{"start":{"line":24,"column":0},"end":{"line":24,"column":27}},"24":{"start":{"line":25,"column":0},"end":{"line":25,"column":27}},"26":{"start":{"line":27,"column":0},"end":{"line":27,"column":67}},"27":{"start":{"line":28,"column":0},"end":{"line":28,"column":35}},"28":{"start":{"line":29,"column":0},"end":{"line":29,"column":35}},"29":{"start":{"line":30,"column":0},"end":{"line":30,"column":61}},"30":{"start":{"line":31,"column":0},"end":{"line":31,"column":14}},"31":{"start":{"line":32,"column":0},"end":{"line":32,"column":4}},"33":{"start":{"line":34,"column":0},"end":{"line":34,"column":10}},"34":{"start":{"line":35,"column":0},"end":{"line":35,"column":142}},"36":{"start":{"line":37,"column":0},"end":{"line":37,"column":1}}},"s":{"1":1,"2":1,"3":1,"4":1,"5":1,"8":1,"9":1,"10":1,"11":1,"12":1,"21":216,"23":216,"24":216,"26":216,"27":7,"28":7,"29":7,"30":7,"31":7,"33":216,"34":216,"36":216},"branchMap":{"0":{"type":"branch","line":22,"loc":{"start":{"line":22,"column":0},"end":{"line":37,"column":1}},"locations":[{"start":{"line":22,"column":0},"end":{"line":37,"column":1}}]},"1":{"type":"branch","line":27,"loc":{"start":{"line":27,"column":22},"end":{"line":32,"column":4}},"locations":[{"start":{"line":27,"column":22},"end":{"line":32,"column":4}}]}},"b":{"0":[216],"1":[7]},"fnMap":{"0":{"name":"Button","decl":{"start":{"line":22,"column":0},"end":{"line":37,"column":1}},"loc":{"start":{"line":22,"column":0},"end":{"line":37,"column":1}},"line":22},"1":{"name":"handleClick","decl":{"start":{"line":27,"column":22},"end":{"line":32,"column":4}},"loc":{"start":{"line":27,"column":22},"end":{"line":32,"column":4}},"line":27}},"f":{"0":216,"1":7}}
,"/Users/anthonyprevite/Documents/Git Repos/calculator/src/main.tsx": {"path":"/Users/anthonyprevite/Documents/Git Repos/calculator/src/main.tsx","all":true,"statementMap":{"0":{"start":{"line":1,"column":0},"end":{"line":1,"column":34}},"1":{"start":{"line":2,"column":0},"end":{"line":2,"column":45}},"2":{"start":{"line":3,"column":0},"end":{"line":3,"column":20}},"3":{"start":{"line":4,"column":0},"end":{"line":4,"column":27}},"4":{"start":{"line":5,"column":0},"end":{"line":5,"column":0}},"5":{"start":{"line":6,"column":0},"end":{"line":6,"column":52}},"6":{"start":{"line":7,"column":0},"end":{"line":7,"column":14}},"7":{"start":{"line":8,"column":0},"end":{"line":8,"column":11}},"8":{"start":{"line":9,"column":0},"end":{"line":9,"column":16}},"9":{"start":{"line":10,"column":0},"end":{"line":10,"column":1}}},"s":{"0":0,"1":0,"2":0,"3":0,"4":0,"5":0,"6":0,"7":0,"8":0,"9":0},"branchMap":{"0":{"type":"branch","line":1,"loc":{"start":{"line":1,"column":0},"end":{"line":10,"column":1}},"locations":[{"start":{"line":1,"column":0},"end":{"line":10,"column":1}}]}},"b":{"0":[0]},"fnMap":{"0":{"name":"(empty-report)","decl":{"start":{"line":1,"column":0},"end":{"line":10,"column":1}},"loc":{"start":{"line":1,"column":0},"end":{"line":10,"column":1}},"line":1}},"f":{"0":0}}
}
